     0>Property reassignment: $(MSBuildExtensionsPath)="C:\Program Files\Microsoft Visual Studio\2022\Professional\MSBuild" (previous value: "C:\Program Files (x86)\MSBuild") at 
       Property reassignment: $(MSBuildExtensionsPath32)="C:\Program Files\Microsoft Visual Studio\2022\Professional\MSBuild" (previous value: "C:\Program Files (x86)\MSBuild") at 
       Search paths being used for $(MSBuildExtensionsPath) are C:\Program Files\Microsoft Visual Studio\2022\Professional\MSBuild;$(MSBuildProgramFiles32)\MSBuild
       Trying to import C:\Program Files\Microsoft Visual Studio\2022\Professional\MSBuild\$(MSBuildToolsVersion)\Microsoft.Common.props using extensions path C:\Program Files\Microsoft Visual Studio\2022\Professional\MSBuild
       Property reassignment: $(MSBuildProjectExtensionsPath)="C:\temp\linuxapp\drivers\net\ethernet\intel\ixgbenew1\ixgbenew1\obj\" (previous value: "obj\") at C:\Program Files\Microsoft Visual Studio\2022\Professional\MSBuild\Current\Microsoft.Common.props (60,5)
       C:\Program Files\Microsoft Visual Studio\2022\Professional\MSBuild\Current\Microsoft.Common.props(84,119): message : Property 'MSBuildUserExtensionsPath' with value 'C:\Users\dali\AppData\Local\Microsoft\MSBuild' expanded from the environment.
       Search paths being used for $(MSBuildExtensionsPath) are C:\Program Files\Microsoft Visual Studio\2022\Professional\MSBuild;$(MSBuildProgramFiles32)\MSBuild
       Trying to import C:\Program Files\Microsoft Visual Studio\2022\Professional\MSBuild\$(MSBuildToolsVersion)\Imports\Microsoft.Common.props\ImportBefore\* using extensions path C:\Program Files\Microsoft Visual Studio\2022\Professional\MSBuild
       C:\Program Files\Microsoft Visual Studio\2022\Professional\MSBuild\Current\Imports\Microsoft.Common.props\ImportBefore\Microsoft.NuGet.ImportBefore.props(14,5): message : Property 'VisualStudioVersion' with value '17.0' expanded from the environment.
       The "Configuration" property is a global property, and cannot be modified.
       Search paths being used for $(MSBuildExtensionsPath) are C:\Program Files\Microsoft Visual Studio\2022\Professional\MSBuild;$(MSBuildProgramFiles32)\MSBuild
       Search paths being used for $(MSBuildExtensionsPath) are C:\Program Files\Microsoft Visual Studio\2022\Professional\MSBuild;$(MSBuildProgramFiles32)\MSBuild
       Property reassignment: $(_RelativeApplicationTypeFolder)="Application Type\Linux\" (previous value: "") at C:\Program Files\Microsoft Visual Studio\2022\Professional\MSBuild\Microsoft\VC\v170\Microsoft.Cpp.Default.props (111,5)
       Property reassignment: $(_RelativeApplicationTypeRevisionFolder)="Application Type\Linux\1.0\" (previous value: "") at C:\Program Files\Microsoft Visual Studio\2022\Professional\MSBuild\Microsoft\VC\v170\Microsoft.Cpp.Default.props (112,5)
       The "Configuration" property is a global property, and cannot be modified.
       The "LangID" property is a global property, and cannot be modified.
       The "SolutionDir" property is a global property, and cannot be modified.
       C:\Program Files\Microsoft Visual Studio\2022\Professional\MSBuild\Microsoft\VC\v170\Microsoft.Cpp.Default.props(218,5): message : Property 'LOCALAPPDATA' with value 'C:\Users\dali\AppData\Local' expanded from the environment.
       Property reassignment: $(UseDebugLibraries)="true" (previous value: "false") at C:\temp\linuxapp\drivers\net\ethernet\intel\ixgbenew1\ixgbenew1\ixgbenew1.vcxproj (65,5)
       Property reassignment: $(ConfigurationType)="Makefile" (previous value: "Application") at C:\temp\linuxapp\drivers\net\ethernet\intel\ixgbenew1\ixgbenew1\ixgbenew1.vcxproj (66,5)
       Property reassignment: $(RemoteRootDir)="~/projects/drivers/net/ethernet/intel" (previous value: "~/projects") at C:\temp\linuxapp\drivers\net\ethernet\intel\ixgbenew1\ixgbenew1\ixgbenew1.vcxproj (67,5)
       C:\Program Files\Microsoft Visual Studio\2022\Professional\MSBuild\Microsoft\VC\v170\Microsoft.Cpp.ToolsetLocation.props(73,32): message : Property 'PROCESSOR_ARCHITECTURE' with value 'AMD64' expanded from the environment.
       Property reassignment: $(CharacterSet)="Unicode" (previous value: "NotSet") at C:\Program Files\Microsoft Visual Studio\2022\Professional\MSBuild\Microsoft\VC\v170\Application Type\Linux\1.0\Linux.props (47,5)
       C:\Program Files\Microsoft Visual Studio\2022\Professional\MSBuild\Microsoft\VC\v170\Application Type\Linux\1.0\Platforms\x64\PlatformToolsets\Remote_GCC_1_0\Toolset.props(29,5): message : Property 'Path' with value 'C:\Windows\system32;C:\Windows;C:\Windows\System32\Wbem;C:\Windows\System32\WindowsPowerShell\v1.0\;C:\Windows\System32\OpenSSH\;C:\Program Files\TortoiseGit\bin;C:\Program Files\Git\cmd;C:\Program Files\SafeNet\Authentication\SAC\x64;C:\Program Files\SafeNet\Authentication\SAC\x32;C:\Program Files\Mullvad VPN\resources;C:\Program Files (x86)\ATI Technologies\ATI.ACE\Core-Static;C:\Program Files (x86)\Microsoft Visual Studio\Shared\Python37_64\;C:\Program Files\dotnet\;C:\Program Files (x86)\Windows Kits\10\Windows Performance Toolkit\;C:\Users\dali\AppData\Local\Microsoft\WindowsApps;C:\Users\dali\.dotnet\tools' expanded from the environment.
       The "SolutionExt" property is a global property, and cannot be modified.
       Search paths being used for $(MSBuildExtensionsPath) are C:\Program Files\Microsoft Visual Studio\2022\Professional\MSBuild;$(MSBuildProgramFiles32)\MSBuild
       Search paths being used for $(MSBuildExtensionsPath) are C:\Program Files\Microsoft Visual Studio\2022\Professional\MSBuild;$(MSBuildProgramFiles32)\MSBuild
       The "Configuration" property is a global property, and cannot be modified.
       Property reassignment: $(_DebugSymbolsProduced)="true" (previous value: "false") at C:\Program Files\Microsoft Visual Studio\2022\Professional\MSBuild\Current\Bin\amd64\Microsoft.Common.CurrentVersion.targets (175,5)
       Property reassignment: $(_DocumentationFileProduced)="false" (previous value: "true") at C:\Program Files\Microsoft Visual Studio\2022\Professional\MSBuild\Current\Bin\amd64\Microsoft.Common.CurrentVersion.targets (185,5)
       Property reassignment: $(TargetExt)=".exe" (previous value: "") at C:\Program Files\Microsoft Visual Studio\2022\Professional\MSBuild\Current\Bin\amd64\Microsoft.Common.CurrentVersion.targets (215,5)
       The "DevEnvDir" property is a global property, and cannot be modified.
       The "SolutionName" property is a global property, and cannot be modified.
       The "SolutionFileName" property is a global property, and cannot be modified.
       The "SolutionPath" property is a global property, and cannot be modified.
       The "SolutionDir" property is a global property, and cannot be modified.
       The "SolutionExt" property is a global property, and cannot be modified.
       Property reassignment: $(AutoUnifyAssemblyReferences)="false" (previous value: "true") at C:\Program Files\Microsoft Visual Studio\2022\Professional\MSBuild\Current\Bin\amd64\Microsoft.Common.CurrentVersion.targets (369,5)
       Property reassignment: $(MSBuildCopyMarkerName)="ixgbenew1.vcxproj.Up2Date" (previous value: "ixgbenew1.vcxproj") at C:\Program Files\Microsoft Visual Studio\2022\Professional\MSBuild\Current\Bin\amd64\Microsoft.Common.CurrentVersion.targets (393,5)
       Property reassignment: $(ProcessorArchitecture)="amd64" (previous value: "x64") at C:\Program Files\Microsoft Visual Studio\2022\Professional\MSBuild\Current\Bin\amd64\Microsoft.Common.CurrentVersion.targets (528,5)
       C:\Program Files\Microsoft Visual Studio\2022\Professional\MSBuild\Current\Bin\amd64\Microsoft.Common.CurrentVersion.targets(562,42): message : Property 'MSBuildExtensionsPath64' with value 'C:\Program Files\MSBuild' expanded from the environment.
       Property reassignment: $(DelaySign)="" (previous value: "false") at C:\Program Files\Microsoft Visual Studio\2022\Professional\MSBuild\Current\Bin\amd64\Microsoft.Common.CurrentVersion.targets (580,5)
       Property reassignment: $(AssemblySearchPaths)="{CandidateAssemblyFiles};" (previous value: "{CandidateAssemblyFiles}") at C:\Program Files\Microsoft Visual Studio\2022\Professional\MSBuild\Current\Bin\amd64\Microsoft.Common.CurrentVersion.targets (649,5)
       Property reassignment: $(AssemblySearchPaths)="{CandidateAssemblyFiles};;{HintPathFromItem}" (previous value: "{CandidateAssemblyFiles};") at C:\Program Files\Microsoft Visual Studio\2022\Professional\MSBuild\Current\Bin\amd64\Microsoft.Common.CurrentVersion.targets (650,5)
       Property reassignment: $(AssemblySearchPaths)="{CandidateAssemblyFiles};;{HintPathFromItem};{TargetFrameworkDirectory}" (previous value: "{CandidateAssemblyFiles};;{HintPathFromItem}") at C:\Program Files\Microsoft Visual Studio\2022\Professional\MSBuild\Current\Bin\amd64\Microsoft.Common.CurrentVersion.targets (651,5)
       Property reassignment: $(AssemblySearchPaths)="{CandidateAssemblyFiles};;{HintPathFromItem};{TargetFrameworkDirectory};{AssemblyFoldersFromConfig:C:\Program Files\Microsoft Visual Studio\2022\Professional\MSBuild\Current\Bin\AssemblyFolders.config,};" (previous value: "{CandidateAssemblyFiles};;{HintPathFromItem};{TargetFrameworkDirectory}") at C:\Program Files\Microsoft Visual Studio\2022\Professional\MSBuild\Current\Bin\amd64\Microsoft.Common.CurrentVersion.targets (652,5)
       Property reassignment: $(AssemblySearchPaths)="{CandidateAssemblyFiles};;{HintPathFromItem};{TargetFrameworkDirectory};{AssemblyFoldersFromConfig:C:\Program Files\Microsoft Visual Studio\2022\Professional\MSBuild\Current\Bin\AssemblyFolders.config,};;{Registry:Software\Microsoft\,,AssemblyFoldersEx}" (previous value: "{CandidateAssemblyFiles};;{HintPathFromItem};{TargetFrameworkDirectory};{AssemblyFoldersFromConfig:C:\Program Files\Microsoft Visual Studio\2022\Professional\MSBuild\Current\Bin\AssemblyFolders.config,};") at C:\Program Files\Microsoft Visual Studio\2022\Professional\MSBuild\Current\Bin\amd64\Microsoft.Common.CurrentVersion.targets (653,5)
       Property reassignment: $(AssemblySearchPaths)="{CandidateAssemblyFiles};;{HintPathFromItem};{TargetFrameworkDirectory};{AssemblyFoldersFromConfig:C:\Program Files\Microsoft Visual Studio\2022\Professional\MSBuild\Current\Bin\AssemblyFolders.config,};;{Registry:Software\Microsoft\,,AssemblyFoldersEx};{AssemblyFolders}" (previous value: "{CandidateAssemblyFiles};;{HintPathFromItem};{TargetFrameworkDirectory};{AssemblyFoldersFromConfig:C:\Program Files\Microsoft Visual Studio\2022\Professional\MSBuild\Current\Bin\AssemblyFolders.config,};;{Registry:Software\Microsoft\,,AssemblyFoldersEx}") at C:\Program Files\Microsoft Visual Studio\2022\Professional\MSBuild\Current\Bin\amd64\Microsoft.Common.CurrentVersion.targets (654,5)
       Property reassignment: $(AssemblySearchPaths)="{CandidateAssemblyFiles};;{HintPathFromItem};{TargetFrameworkDirectory};{AssemblyFoldersFromConfig:C:\Program Files\Microsoft Visual Studio\2022\Professional\MSBuild\Current\Bin\AssemblyFolders.config,};;{Registry:Software\Microsoft\,,AssemblyFoldersEx};{AssemblyFolders};{GAC}" (previous value: "{CandidateAssemblyFiles};;{HintPathFromItem};{TargetFrameworkDirectory};{AssemblyFoldersFromConfig:C:\Program Files\Microsoft Visual Studio\2022\Professional\MSBuild\Current\Bin\AssemblyFolders.config,};;{Registry:Software\Microsoft\,,AssemblyFoldersEx};{AssemblyFolders}") at C:\Program Files\Microsoft Visual Studio\2022\Professional\MSBuild\Current\Bin\amd64\Microsoft.Common.CurrentVersion.targets (655,5)
       Property reassignment: $(AssemblySearchPaths)="{CandidateAssemblyFiles};;{HintPathFromItem};{TargetFrameworkDirectory};{AssemblyFoldersFromConfig:C:\Program Files\Microsoft Visual Studio\2022\Professional\MSBuild\Current\Bin\AssemblyFolders.config,};;{Registry:Software\Microsoft\,,AssemblyFoldersEx};{AssemblyFolders};{GAC};{RawFileName}" (previous value: "{CandidateAssemblyFiles};;{HintPathFromItem};{TargetFrameworkDirectory};{AssemblyFoldersFromConfig:C:\Program Files\Microsoft Visual Studio\2022\Professional\MSBuild\Current\Bin\AssemblyFolders.config,};;{Registry:Software\Microsoft\,,AssemblyFoldersEx};{AssemblyFolders};{GAC}") at C:\Program Files\Microsoft Visual Studio\2022\Professional\MSBuild\Current\Bin\amd64\Microsoft.Common.CurrentVersion.targets (656,5)
       Property reassignment: $(AssemblySearchPaths)="{CandidateAssemblyFiles};;{HintPathFromItem};{TargetFrameworkDirectory};{AssemblyFoldersFromConfig:C:\Program Files\Microsoft Visual Studio\2022\Professional\MSBuild\Current\Bin\AssemblyFolders.config,};;{Registry:Software\Microsoft\,,AssemblyFoldersEx};{AssemblyFolders};{GAC};{RawFileName};C:\temp\linuxapp\drivers\net\ethernet\intel\ixgbenew1\ixgbenew1\bin\x64\Debug\" (previous value: "{CandidateAssemblyFiles};;{HintPathFromItem};{TargetFrameworkDirectory};{AssemblyFoldersFromConfig:C:\Program Files\Microsoft Visual Studio\2022\Professional\MSBuild\Current\Bin\AssemblyFolders.config,};;{Registry:Software\Microsoft\,,AssemblyFoldersEx};{AssemblyFolders};{GAC};{RawFileName}") at C:\Program Files\Microsoft Visual Studio\2022\Professional\MSBuild\Current\Bin\amd64\Microsoft.Common.CurrentVersion.targets (657,5)
       Property reassignment: $(_SGenGenerateSerializationAssembliesConfig)="Auto" (previous value: "") at C:\Program Files\Microsoft Visual Studio\2022\Professional\MSBuild\Current\Bin\amd64\Microsoft.Common.CurrentVersion.targets (3917,5)
       Property reassignment: $(_SGenGenerateSerializationAssembliesConfig)="Off" (previous value: "Auto") at C:\Program Files\Microsoft Visual Studio\2022\Professional\MSBuild\Current\Bin\amd64\Microsoft.Common.CurrentVersion.targets (3918,5)
       Property reassignment: $(_TargetsThatPrepareProjectReferences)="
             AssignProjectConfiguration;
             _SplitProjectReferencesByFileExistence
           " (previous value: "_SplitProjectReferencesByFileExistence") at C:\Program Files\Microsoft Visual Studio\2022\Professional\MSBuild\Current\Bin\amd64\Microsoft.Common.CurrentVersion.targets (5129,5)
       Property reassignment: $(_CodeAnalysisTreatWarningsAsErrors)="false" (previous value: "") at C:\Program Files\Microsoft Visual Studio\2022\Professional\MSBuild\Microsoft\VisualStudio\v17.0\CodeAnalysis\Microsoft.CodeAnalysis.targets (125,5)
       Property reassignment: $(PrepareForBuildDependsOn)=";GetFrameworkPaths;GetReferenceAssemblyPaths;AssignLinkMetadata;SetCABuildNativeEnvironmentVariables" (previous value: ";GetFrameworkPaths;GetReferenceAssemblyPaths;AssignLinkMetadata") at C:\Program Files\Microsoft Visual Studio\2022\Professional\MSBuild\Microsoft\VisualStudio\v17.0\CodeAnalysis\Microsoft.CodeAnalysis.targets (240,5)
       Property reassignment: $(PrepareResourcesDependsOn)="
             XamlMarkupCompilePass1;
             XamlMarkupCompilePass2;
             
             ;
             PrepareResourceNames;
             ResGen;
             CompileLicxFiles
            
           " (previous value: "
             ;
             PrepareResourceNames;
             ResGen;
             CompileLicxFiles
           ") at C:\Windows\Microsoft.NET\Framework\v4.0.30319\Microsoft.Xaml.targets (35,5)
       Property reassignment: $(ResolveReferencesDependsOn)="
             
             BeforeResolveReferences;
             AssignProjectConfiguration;
             ResolveProjectReferences;
             FindInvalidProjectReferences;
             ResolveNativeReferences;
             ResolveAssemblyReferences;
             GenerateBindingRedirects;
             GenerateBindingRedirectsUpdateAppConfig;
             ResolveComReferences;
             AfterResolveReferences
           ;
             ResolveTestReferences
           " (previous value: "
             BeforeResolveReferences;
             AssignProjectConfiguration;
             ResolveProjectReferences;
             FindInvalidProjectReferences;
             ResolveNativeReferences;
             ResolveAssemblyReferences;
             GenerateBindingRedirects;
             GenerateBindingRedirectsUpdateAppConfig;
             ResolveComReferences;
             AfterResolveReferences
           ") at C:\Program Files\Microsoft Visual Studio\2022\Professional\MSBuild\Microsoft\VisualStudio\v17.0\TeamTest\Microsoft.TeamTest.targets (4,5)
       Search paths being used for $(MSBuildExtensionsPath) are C:\Program Files\Microsoft Visual Studio\2022\Professional\MSBuild;$(MSBuildProgramFiles32)\MSBuild
       Trying to import C:\Program Files\Microsoft Visual Studio\2022\Professional\MSBuild\$(MSBuildToolsVersion)\Microsoft.Common.targets\ImportAfter\* using extensions path C:\Program Files\Microsoft Visual Studio\2022\Professional\MSBuild
       Property reassignment: $(ProjectLockFile)="obj\project.assets.json" (previous value: "C:\temp\linuxapp\drivers\net\ethernet\intel\ixgbenew1\ixgbenew1\obj\project.assets.json") at C:\Program Files\Microsoft Visual Studio\2022\Professional\MSBuild\Microsoft\NuGet\17.0\Microsoft.NuGet.targets (74,5)
       Property reassignment: $(ResolveAssemblyReferencesDependsOn)="
             ResolveProjectReferences;
             FindInvalidProjectReferences;
             GetFrameworkPaths;
             GetReferenceAssemblyPaths;
             PrepareForBuild;
             ResolveSDKReferences;
             ExpandSDKReferences;
           ;ResolveNuGetPackageAssets" (previous value: "
             ResolveProjectReferences;
             FindInvalidProjectReferences;
             GetFrameworkPaths;
             GetReferenceAssemblyPaths;
             PrepareForBuild;
             ResolveSDKReferences;
             ExpandSDKReferences;
           ") at C:\Program Files\Microsoft Visual Studio\2022\Professional\MSBuild\Microsoft\NuGet\17.0\Microsoft.NuGet.targets (185,5)
       Property reassignment: $(PrepareResourcesDependsOn)="ResolveNuGetPackageAssets;
             XamlMarkupCompilePass1;
             XamlMarkupCompilePass2;
             
             ;
             PrepareResourceNames;
             ResGen;
             CompileLicxFiles
            
           " (previous value: "
             XamlMarkupCompilePass1;
             XamlMarkupCompilePass2;
             
             ;
             PrepareResourceNames;
             ResGen;
             CompileLicxFiles
            
           ") at C:\Program Files\Microsoft Visual Studio\2022\Professional\MSBuild\Microsoft\NuGet\17.0\Microsoft.NuGet.targets (186,5)
       Search paths being used for $(MSBuildExtensionsPath) are C:\Program Files\Microsoft Visual Studio\2022\Professional\MSBuild;$(MSBuildProgramFiles32)\MSBuild
       Search paths being used for $(MSBuildExtensionsPath) are C:\Program Files\Microsoft Visual Studio\2022\Professional\MSBuild;$(MSBuildProgramFiles32)\MSBuild
       Trying to import C:\Program Files\Microsoft Visual Studio\2022\Professional\MSBuild\Microsoft\VisualStudio\WebTools.Aspire\Microsoft.WebTools.Aspire.targets using extensions path C:\Program Files\Microsoft Visual Studio\2022\Professional\MSBuild
       Property reassignment: $(JsonSchemaCombinedFilePath)="C:\temp\linuxapp\drivers\net\ethernet\intel\ixgbenew1\ixgbenew1\obj\x64\Debug\CombinedComponentSchema.json" (previous value: "C:\temp\linuxapp\drivers\net\ethernet\intel\ixgbenew1\ixgbenew1\obj\x64\Debug\\CombinedComponentSchema.json") at C:\Program Files\Microsoft Visual Studio\2022\Professional\MSBuild\Microsoft\VisualStudio\WebTools.Aspire\Microsoft.WebTools.Aspire.targets (25,5)
       Property reassignment: $(AppSettingsJsonSchemaCombinedFilePath)="C:\temp\linuxapp\drivers\net\ethernet\intel\ixgbenew1\ixgbenew1\obj\x64\Debug\AppSettingsSchema.json" (previous value: "C:\temp\linuxapp\drivers\net\ethernet\intel\ixgbenew1\ixgbenew1\obj\x64\Debug\\AppSettingsSchema.json") at C:\Program Files\Microsoft Visual Studio\2022\Professional\MSBuild\Microsoft\VisualStudio\WebTools.Aspire\Microsoft.WebTools.Aspire.targets (27,5)
       Property reassignment: $(GetProjectInfoForReferenceDependsOn)="
             
             ;
             AddOutputsToProjectsInfoForReference;
           ;
             AddPublicIncludeDirectoriesToProjectsInfoForReference;
           " (previous value: "
             ;
             AddOutputsToProjectsInfoForReference;
           ") at C:\Program Files\Microsoft Visual Studio\2022\Professional\MSBuild\Microsoft\VC\v170\Microsoft.MakeFile.Targets (91,5)
       Property reassignment: $(DetermineProjectTypeTargets)="_SetLinuxISenseIdentifier;
             ;
             AddExternalIncludDirectoriesToPaths
           " (previous value: "
             ;
             AddExternalIncludDirectoriesToPaths
           ") at C:\Program Files\Microsoft Visual Studio\2022\Professional\MSBuild\Microsoft\VC\v170\Application Type\Linux\1.0\Linux.Makefile.Targets (520,5)
       Property reassignment: $(DetermineProjectTypeTargets)="
             _SetLinuxISenseIdentifier;
             ;
             AddExternalIncludDirectoriesToPaths
           ;
             ComputeIncludePathsFromRecipes
           " (previous value: "_SetLinuxISenseIdentifier;
             ;
             AddExternalIncludDirectoriesToPaths
           ") at C:\Program Files\Microsoft Visual Studio\2022\Professional\MSBuild\Microsoft\VC\v170\Application Type\Linux\1.0\Linux.Common.targets (24,5)
       Property reassignment: $(CleanDependsOn)="
             
             BeforeClean;
             UnmanagedUnregistration;
             CoreClean;
             CleanReferencedProjects;
             CleanPublishFolder;
             AfterClean
           ;
             CppClean
           " (previous value: "
             BeforeClean;
             UnmanagedUnregistration;
             CoreClean;
             CleanReferencedProjects;
             CleanPublishFolder;
             AfterClean
           ") at C:\Program Files\Microsoft Visual Studio\2022\Professional\MSBuild\Microsoft\VC\v170\Microsoft.CppClean.targets (22,5)
       Property reassignment: $(CppCleanDependsOn)="
             BeforeCppClean;
             ;
             CoreCppClean;
             AfterCppClean;
           ;PGInstrumentedClean" (previous value: "
             BeforeCppClean;
             ;
             CoreCppClean;
             AfterCppClean;
           ") at C:\Program Files\Microsoft Visual Studio\2022\Professional\MSBuild\Microsoft\VC\v170\Microsoft.CppClean.targets (92,5)
       Property reassignment: $(BuildDependsOn)="SetTelemetryEnvironmentVariables;
             BeforeBuild;
             CoreBuild;
             AfterBuild
           " (previous value: "
             BeforeBuild;
             CoreBuild;
             AfterBuild
           ") at C:\Program Files\Microsoft Visual Studio\2022\Professional\MSBuild\Microsoft\VC\v170\Microsoft.Cpp.DesignTime.targets (540,5)
       Property reassignment: $(RebuildDependsOn)="SetTelemetryEnvironmentVariables;
             BeforeRebuild;
             Clean;
             Build;
             AfterRebuild;
           " (previous value: "
             BeforeRebuild;
             Clean;
             Build;
             AfterRebuild;
           ") at C:\Program Files\Microsoft Visual Studio\2022\Professional\MSBuild\Microsoft\VC\v170\Microsoft.Cpp.DesignTime.targets (541,5)
       Overriding target "CoreClean" in project "C:\Program Files\Microsoft Visual Studio\2022\Professional\MSBuild\Current\Bin\amd64\Microsoft.Common.CurrentVersion.targets" with target "CoreClean" from project "C:\Program Files\Microsoft Visual Studio\2022\Professional\MSBuild\Microsoft\VC\v170\Microsoft.MakeFile.Targets".
       Overriding target "Build" in project "C:\Program Files\Microsoft Visual Studio\2022\Professional\MSBuild\Current\Bin\amd64\Microsoft.Common.CurrentVersion.targets" with target "Build" from project "C:\Program Files\Microsoft Visual Studio\2022\Professional\MSBuild\Microsoft\VC\v170\Microsoft.MakeFile.Targets".
       Overriding target "Rebuild" in project "C:\Program Files\Microsoft Visual Studio\2022\Professional\MSBuild\Current\Bin\amd64\Microsoft.Common.CurrentVersion.targets" with target "Rebuild" from project "C:\Program Files\Microsoft Visual Studio\2022\Professional\MSBuild\Microsoft\VC\v170\Microsoft.MakeFile.Targets".
       Overriding target "GetCopyToOutputDirectoryItems" in project "C:\Program Files\Microsoft Visual Studio\2022\Professional\MSBuild\Current\Bin\amd64\Microsoft.Common.CurrentVersion.targets" with target "GetCopyToOutputDirectoryItems" from project "C:\Program Files\Microsoft Visual Studio\2022\Professional\MSBuild\Microsoft\VC\v170\Microsoft.MakeFile.Targets".
       Overriding target "GetTargetPath" in project "C:\Program Files\Microsoft Visual Studio\2022\Professional\MSBuild\Current\Bin\amd64\Microsoft.Common.CurrentVersion.targets" with target "GetTargetPath" from project "C:\Program Files\Microsoft Visual Studio\2022\Professional\MSBuild\Microsoft\VC\v170\Microsoft.MakeFile.Targets".
       Overriding target "GetNativeManifest" in project "C:\Program Files\Microsoft Visual Studio\2022\Professional\MSBuild\Current\Bin\amd64\Microsoft.Common.CurrentVersion.targets" with target "GetNativeManifest" from project "C:\Program Files\Microsoft Visual Studio\2022\Professional\MSBuild\Microsoft\VC\v170\Microsoft.MakeFile.Targets".
       Overriding target "BuiltProjectOutputGroup" in project "C:\Program Files\Microsoft Visual Studio\2022\Professional\MSBuild\Current\Bin\amd64\Microsoft.Common.CurrentVersion.targets" with target "BuiltProjectOutputGroup" from project "C:\Program Files\Microsoft Visual Studio\2022\Professional\MSBuild\Microsoft\VC\v170\Microsoft.MakeFile.Targets".
       Overriding target "ResolveProjectReferencesDesignTime" in project "C:\Program Files\Microsoft Visual Studio\2022\Professional\MSBuild\Current\Bin\amd64\Microsoft.Common.CurrentVersion.targets" with target "ResolveProjectReferencesDesignTime" from project "C:\Program Files\Microsoft Visual Studio\2022\Professional\MSBuild\Microsoft\VC\v170\Microsoft.MakeFile.Targets".
       Overriding target "GetTargetPath" in project "C:\Program Files\Microsoft Visual Studio\2022\Professional\MSBuild\Microsoft\VC\v170\Microsoft.MakeFile.Targets" with target "GetTargetPath" from project "C:\Program Files\Microsoft Visual Studio\2022\Professional\MSBuild\Microsoft\VC\v170\Application Type\Linux\1.0\Linux.Makefile.Targets".
       Overriding target "GetNativeTargetPath" in project "C:\Program Files\Microsoft Visual Studio\2022\Professional\MSBuild\Microsoft\VC\v170\Microsoft.MakeFile.Targets" with target "GetNativeTargetPath" from project "C:\Program Files\Microsoft Visual Studio\2022\Professional\MSBuild\Microsoft\VC\v170\Application Type\Linux\1.0\Linux.Makefile.Targets".
       Overriding target "PrepareForNMakeBuild" in project "C:\Program Files\Microsoft Visual Studio\2022\Professional\MSBuild\Microsoft\VC\v170\Microsoft.MakeFile.Targets" with target "PrepareForNMakeBuild" from project "C:\Program Files\Microsoft Visual Studio\2022\Professional\MSBuild\Microsoft\VC\v170\Application Type\Linux\1.0\Linux.Makefile.Targets".
       Overriding target "Build" in project "C:\Program Files\Microsoft Visual Studio\2022\Professional\MSBuild\Microsoft\VC\v170\Microsoft.MakeFile.Targets" with target "Build" from project "C:\Program Files\Microsoft Visual Studio\2022\Professional\MSBuild\Microsoft\VC\v170\Application Type\Linux\1.0\Linux.Makefile.Targets".
       Overriding target "Rebuild" in project "C:\Program Files\Microsoft Visual Studio\2022\Professional\MSBuild\Microsoft\VC\v170\Microsoft.MakeFile.Targets" with target "Rebuild" from project "C:\Program Files\Microsoft Visual Studio\2022\Professional\MSBuild\Microsoft\VC\v170\Application Type\Linux\1.0\Linux.Makefile.Targets".
       Overriding target "CoreClean" in project "C:\Program Files\Microsoft Visual Studio\2022\Professional\MSBuild\Microsoft\VC\v170\Microsoft.MakeFile.Targets" with target "CoreClean" from project "C:\Program Files\Microsoft Visual Studio\2022\Professional\MSBuild\Microsoft\VC\v170\Application Type\Linux\1.0\Linux.Makefile.Targets".
       Overriding target "PreBuildEvent" in project "C:\Program Files\Microsoft Visual Studio\2022\Professional\MSBuild\Current\Bin\amd64\Microsoft.Common.CurrentVersion.targets" with target "PreBuildEvent" from project "C:\Program Files\Microsoft Visual Studio\2022\Professional\MSBuild\Microsoft\VC\v170\Application Type\Linux\1.0\Linux.Makefile.Targets".
       Overriding target "PostBuildEvent" in project "C:\Program Files\Microsoft Visual Studio\2022\Professional\MSBuild\Current\Bin\amd64\Microsoft.Common.CurrentVersion.targets" with target "PostBuildEvent" from project "C:\Program Files\Microsoft Visual Studio\2022\Professional\MSBuild\Microsoft\VC\v170\Application Type\Linux\1.0\Linux.Makefile.Targets".
       Overriding target "_ValidateSources" in project "C:\Program Files\Microsoft Visual Studio\2022\Professional\MSBuild\Microsoft\VC\v170\Application Type\Linux\1.0\Linux.Makefile.Targets" with target "_ValidateSources" from project "C:\Program Files\Microsoft Visual Studio\2022\Professional\MSBuild\Microsoft\VC\v170\Application Type\Linux\1.0\Linux.Common.targets".
       Overriding target "_ConsolidateSourcesToCopy" in project "C:\Program Files\Microsoft Visual Studio\2022\Professional\MSBuild\Microsoft\VC\v170\Application Type\Linux\1.0\Linux.Makefile.Targets" with target "_ConsolidateSourcesToCopy" from project "C:\Program Files\Microsoft Visual Studio\2022\Professional\MSBuild\Microsoft\VC\v170\Application Type\Linux\1.0\Linux.Common.targets".
       Overriding target "GetTargetPathWithTargetPlatformMoniker" in project "C:\Program Files\Microsoft Visual Studio\2022\Professional\MSBuild\Current\Bin\amd64\Microsoft.Common.CurrentVersion.targets" with target "GetTargetPathWithTargetPlatformMoniker" from project "C:\Program Files\Microsoft Visual Studio\2022\Professional\MSBuild\Microsoft\VC\v170\Microsoft.Cpp.DesignTime.targets".
       The target "ClCompile" listed in an AfterTargets attribute at "C:\Program Files\Microsoft Visual Studio\2022\Professional\MSBuild\Microsoft\VisualStudio\v17.0\CodeAnalysis\Microsoft.CodeAnalysis.targets (446,11)" does not exist in the project, and will be ignored.
       The target "CompileDesignTime" listed in a BeforeTargets attribute at "C:\Program Files\Microsoft Visual Studio\2022\Professional\MSBuild\Microsoft\VisualStudio\WebTools.Aspire\Microsoft.WebTools.Aspire.targets (44,11)" does not exist in the project, and will be ignored.
       The target "CompileDesignTime" listed in a BeforeTargets attribute at "C:\Program Files\Microsoft Visual Studio\2022\Professional\MSBuild\Microsoft\VisualStudio\WebTools.Aspire\Microsoft.WebTools.Aspire.targets (57,11)" does not exist in the project, and will be ignored.
Build started 3/16/2025 7:04:57 PM.
Logging verbosity is set to: Detailed.     1>Project "C:\temp\linuxapp\drivers\net\ethernet\intel\ixgbenew1\ixgbenew1\ixgbenew1.vcxproj" on node 2 (Build target(s)).
     1>Project file contains ToolsVersion="15.0". This toolset may be unknown or missing, in which case you may be able to resolve this by installing the appropriate version of MSBuild, or the build may have been forced to a particular ToolsVersion for policy reasons. Treating the project as if it had ToolsVersion="Current". For more information, please see http://go.microsoft.com/fwlink/?LinkId=293424.
     1>Target "AddExternalIncludDirectoriesToPaths" in file "C:\Program Files\Microsoft Visual Studio\2022\Professional\MSBuild\Microsoft\VC\v170\Microsoft.Cpp.Current.targets" from project "C:\temp\linuxapp\drivers\net\ethernet\intel\ixgbenew1\ixgbenew1\ixgbenew1.vcxproj" (target "SetBuildDefaultEnvironmentVariables" depends on it):
     1>Done building target "AddExternalIncludDirectoriesToPaths" in project "ixgbenew1.vcxproj".
     1>Target "SetBuildDefaultEnvironmentVariables" in file "C:\Program Files\Microsoft Visual Studio\2022\Professional\MSBuild\Microsoft\VC\v170\Microsoft.Cpp.Current.targets" from project "C:\temp\linuxapp\drivers\net\ethernet\intel\ixgbenew1\ixgbenew1\ixgbenew1.vcxproj" (target "PrepareForNMakeBuild" depends on it):
       Using "SetEnv" task from assembly "C:\Program Files\Microsoft Visual Studio\2022\Professional\MSBuild\Microsoft\VC\v170\Microsoft.Build.CppTasks.Common.dll".
       Task "SetEnv"
         Task Parameter:Prefix=False
         Task Parameter:Value=C:\Windows\system32;C:\Windows;C:\Windows\System32\Wbem;C:\Windows\System32\WindowsPowerShell\v1.0\;C:\Windows\System32\OpenSSH\;C:\Program Files\TortoiseGit\bin;C:\Program Files\Git\cmd;C:\Program Files\SafeNet\Authentication\SAC\x64;C:\Program Files\SafeNet\Authentication\SAC\x32;C:\Program Files\Mullvad VPN\resources;C:\Program Files (x86)\ATI Technologies\ATI.ACE\Core-Static;C:\Program Files (x86)\Microsoft Visual Studio\Shared\Python37_64\;C:\Program Files\dotnet\;C:\Program Files (x86)\Windows Kits\10\Windows Performance Toolkit\;C:\Users\dali\AppData\Local\Microsoft\WindowsApps;C:\Users\dali\.dotnet\tools
         Task Parameter:Name=PATH
         PATH=C:\Windows\system32;C:\Windows;C:\Windows\System32\Wbem;C:\Windows\System32\WindowsPowerShell\v1.0\;C:\Windows\System32\OpenSSH\;C:\Program Files\TortoiseGit\bin;C:\Program Files\Git\cmd;C:\Program Files\SafeNet\Authentication\SAC\x64;C:\Program Files\SafeNet\Authentication\SAC\x32;C:\Program Files\Mullvad VPN\resources;C:\Program Files (x86)\ATI Technologies\ATI.ACE\Core-Static;C:\Program Files (x86)\Microsoft Visual Studio\Shared\Python37_64\;C:\Program Files\dotnet\;C:\Program Files (x86)\Windows Kits\10\Windows Performance Toolkit\;C:\Users\dali\AppData\Local\Microsoft\WindowsApps;C:\Users\dali\.dotnet\tools
         Output Property: Path=C:\Windows\system32%3bC:\Windows%3bC:\Windows\System32\Wbem%3bC:\Windows\System32\WindowsPowerShell\v1.0\%3bC:\Windows\System32\OpenSSH\%3bC:\Program Files\TortoiseGit\bin%3bC:\Program Files\Git\cmd%3bC:\Program Files\SafeNet\Authentication\SAC\x64%3bC:\Program Files\SafeNet\Authentication\SAC\x32%3bC:\Program Files\Mullvad VPN\resources%3bC:\Program Files %28x86%29\ATI Technologies\ATI.ACE\Core-Static%3bC:\Program Files %28x86%29\Microsoft Visual Studio\Shared\Python37_64\%3bC:\Program Files\dotnet\%3bC:\Program Files %28x86%29\Windows Kits\10\Windows Performance Toolkit\%3bC:\Users\dali\AppData\Local\Microsoft\WindowsApps%3bC:\Users\dali\.dotnet\tools
       Done executing task "SetEnv".
       Task "SetEnv"
         Task Parameter:Prefix=False
         Task Parameter:Name=LIB
         LIB=
         Output Property: LIB=
       Done executing task "SetEnv".
       Task "SetEnv"
         Task Parameter:Prefix=False
         Task Parameter:Name=LIBPATH
         LIBPATH=
         Output Property: LIBPATH=
       Done executing task "SetEnv".
       Task "SetEnv"
         Task Parameter:Prefix=False
         Task Parameter:Name=INCLUDE
         INCLUDE=
         Output Property: INCLUDE=
       Done executing task "SetEnv".
       Task "SetEnv"
         Task Parameter:Prefix=False
         Task Parameter:Name=EXTERNAL_INCLUDE
         EXTERNAL_INCLUDE=
         Output Property: EXTERNAL_INCLUDE=
       Done executing task "SetEnv".
     1>Done building target "SetBuildDefaultEnvironmentVariables" in project "ixgbenew1.vcxproj".
       Target "SetUserMacroEnvironmentVariables" skipped, due to false condition; ('@(BuildMacro)' != '' and '$(DesignTimeBuild)' != 'true') was evaluated as ('' != '' and '' != 'true').
     1>Target "_ConsolidateSourcesToCopy" in file "C:\Program Files\Microsoft Visual Studio\2022\Professional\MSBuild\Microsoft\VC\v170\Application Type\Linux\1.0\Linux.Common.targets" from project "C:\temp\linuxapp\drivers\net\ethernet\intel\ixgbenew1\ixgbenew1\ixgbenew1.vcxproj" (target "_CopySources" depends on it):
       Using "ConsolidateSourcesToCopy" task from assembly "C:\Program Files\Microsoft Visual Studio\2022\Professional\MSBuild\Microsoft\VC\v170\Application Type\Linux\1.0\Microsoft.Build.Linux.Tasks.dll".
       Task "ConsolidateSourcesToCopy"
         Task Parameter:ProjectDir=C:\temp\linuxapp\drivers\net\ethernet\intel\ixgbenew1\ixgbenew1\
         Task Parameter:
             SourcesOverride=
                 main.cpp
                 Makefile
         Task Parameter:
             Sources=
                 main.cpp
                         AdditionalIncludeDirectories=
                         AdditionalOptions=
                         CAdditionalWarning=switch;no-deprecated-declarations;empty-body;conversion;return-type;parentheses;no-pointer-sign;no-format;uninitialized;unreachable-code;unused-function;unused-value;unused-variable;
                         ClangMode=true
                         CLanguageStandard=c11
                         CompileAs=Default
                         CppAdditionalWarning=switch;no-deprecated-declarations;empty-body;conversion;return-type;parentheses;no-format;uninitialized;unreachable-code;unused-function;unused-value;unused-variable;
                         CppLanguageStandard=c++11
                         DebugInformationFormat=FullDebug
                         EnableNeonCodegen=false
                         EnablePREfast=false
                         ExceptionHandling=Enabled
                         ForcedIncludeFiles=
                         ForcedUsingFiles=
                         HideInlineMethods=false
                         LinkTimeOptimization=false
                         MakeStringsReadOnly=true
                         MinimalRebuildFromTracking=true
                         NoCommonBlocks=false
                         ObjCAutomaticRefCounting=true
                         ObjCExceptionHandling=Disabled
                         ObjectFileName=C:\temp\linuxapp\drivers\net\ethernet\intel\ixgbenew1\ixgbenew1\obj\x64\Debug\%(filename).o
                         OmitFramePointers=false
                         Optimization=Disabled
                         PositionIndependentCode=false
                         PrecompiledHeader=NotUsing
                         PrecompiledHeaderCompileAs=CompileAsCpp
                         PrecompiledHeaderOutputFile=
                         PrecompiledHeaderOutputFileDirectory=C:\temp\linuxapp\drivers\net\ethernet\intel\ixgbenew1\ixgbenew1\obj\x64\Debug\
                         PreprocessorDefinitions=
                         ProgramDatabaseFileName=C:\temp\linuxapp\drivers\net\ethernet\intel\ixgbenew1\ixgbenew1\obj\x64\Debug\
                         RelaxIEEE=false
                         RuntimeTypeInfo=true
                         StrictAliasing=false
                         SymbolsHiddenByDefault=false
                         ThreadSafeStatics=Yes
                         ThumbMode=Disabled
                         TreatWarningAsError=false
                         UnrollLoops=false
                         Verbose=false
                         WarningLevel=EnableAllWarnings
                 Makefile
                         CopyToOutputDirectory=Never
         Output Item(s): 
             FinalSourcesToCopyRemotely=
                 main.cpp
                         AdditionalIncludeDirectories=
                         AdditionalOptions=
                         CAdditionalWarning=switch;no-deprecated-declarations;empty-body;conversion;return-type;parentheses;no-pointer-sign;no-format;uninitialized;unreachable-code;unused-function;unused-value;unused-variable;
                         ClangMode=true
                         CLanguageStandard=c11
                         CompileAs=Default
                         CppAdditionalWarning=switch;no-deprecated-declarations;empty-body;conversion;return-type;parentheses;no-format;uninitialized;unreachable-code;unused-function;unused-value;unused-variable;
                         CppLanguageStandard=c++11
                         DebugInformationFormat=FullDebug
                         EnableNeonCodegen=false
                         EnablePREfast=false
                         ExceptionHandling=Enabled
                         ForcedIncludeFiles=
                         ForcedUsingFiles=
                         HideInlineMethods=false
                         LinkTimeOptimization=false
                         MakeStringsReadOnly=true
                         MinimalRebuildFromTracking=true
                         NoCommonBlocks=false
                         NormalizedLocalFullPath=C:\temp\linuxapp\drivers\net\ethernet\intel\ixgbenew1\ixgbenew1\main.cpp
                         ObjCAutomaticRefCounting=true
                         ObjCExceptionHandling=Disabled
                         ObjectFileName=C:\temp\linuxapp\drivers\net\ethernet\intel\ixgbenew1\ixgbenew1\obj\x64\Debug\%(filename).o
                         OmitFramePointers=false
                         Optimization=Disabled
                         PositionIndependentCode=false
                         PrecompiledHeader=NotUsing
                         PrecompiledHeaderCompileAs=CompileAsCpp
                         PrecompiledHeaderOutputFile=
                         PrecompiledHeaderOutputFileDirectory=C:\temp\linuxapp\drivers\net\ethernet\intel\ixgbenew1\ixgbenew1\obj\x64\Debug\
                         PreprocessorDefinitions=
                         ProgramDatabaseFileName=C:\temp\linuxapp\drivers\net\ethernet\intel\ixgbenew1\ixgbenew1\obj\x64\Debug\
                         RelaxIEEE=false
                         RuntimeTypeInfo=true
                         StrictAliasing=false
                         SymbolsHiddenByDefault=false
                         ThreadSafeStatics=Yes
                         ThumbMode=Disabled
                         TreatWarningAsError=false
                         UnrollLoops=false
                         Verbose=false
                         WarningLevel=EnableAllWarnings
                 Makefile
                         CopyToOutputDirectory=Never
                         NormalizedLocalFullPath=C:\temp\linuxapp\drivers\net\ethernet\intel\ixgbenew1\ixgbenew1\Makefile
       Done executing task "ConsolidateSourcesToCopy".
     1>Done building target "_ConsolidateSourcesToCopy" in project "ixgbenew1.vcxproj".
       Target "_ConsolidateSourcesToCopy" skipped. Previously built successfully.
     1>Target "_RequiresRemoteConnection" in file "C:\Program Files\Microsoft Visual Studio\2022\Professional\MSBuild\Microsoft\VC\v170\Application Type\Linux\1.0\Linux.Makefile.Targets" from project "C:\temp\linuxapp\drivers\net\ethernet\intel\ixgbenew1\ixgbenew1\ixgbenew1.vcxproj" (target "_ResolveRemoteTarget" depends on it):
       Using "RequiresRemoteConnection" task from assembly "C:\Program Files\Microsoft Visual Studio\2022\Professional\MSBuild\Microsoft\VC\v170\Application Type\Linux\1.0\Microsoft.Build.Linux.Tasks.dll".
       Task "RequiresRemoteConnection"
         Task Parameter:PostBuildEventEnabled=true
         Task Parameter:RemotePostBuildEventEnabled=true
         Task Parameter:
             Sources=
                 main.cpp
                         AdditionalIncludeDirectories=
                         AdditionalOptions=
                         CAdditionalWarning=switch;no-deprecated-declarations;empty-body;conversion;return-type;parentheses;no-pointer-sign;no-format;uninitialized;unreachable-code;unused-function;unused-value;unused-variable;
                         ClangMode=true
                         CLanguageStandard=c11
                         CompileAs=Default
                         CppAdditionalWarning=switch;no-deprecated-declarations;empty-body;conversion;return-type;parentheses;no-format;uninitialized;unreachable-code;unused-function;unused-value;unused-variable;
                         CppLanguageStandard=c++11
                         DebugInformationFormat=FullDebug
                         EnableNeonCodegen=false
                         EnablePREfast=false
                         ExceptionHandling=Enabled
                         ForcedIncludeFiles=
                         ForcedUsingFiles=
                         HideInlineMethods=false
                         LinkTimeOptimization=false
                         MakeStringsReadOnly=true
                         MinimalRebuildFromTracking=true
                         NoCommonBlocks=false
                         NormalizedLocalFullPath=C:\temp\linuxapp\drivers\net\ethernet\intel\ixgbenew1\ixgbenew1\main.cpp
                         ObjCAutomaticRefCounting=true
                         ObjCExceptionHandling=Disabled
                         ObjectFileName=C:\temp\linuxapp\drivers\net\ethernet\intel\ixgbenew1\ixgbenew1\obj\x64\Debug\%(filename).o
                         OmitFramePointers=false
                         Optimization=Disabled
                         PositionIndependentCode=false
                         PrecompiledHeader=NotUsing
                         PrecompiledHeaderCompileAs=CompileAsCpp
                         PrecompiledHeaderOutputFile=
                         PrecompiledHeaderOutputFileDirectory=C:\temp\linuxapp\drivers\net\ethernet\intel\ixgbenew1\ixgbenew1\obj\x64\Debug\
                         PreprocessorDefinitions=
                         ProgramDatabaseFileName=C:\temp\linuxapp\drivers\net\ethernet\intel\ixgbenew1\ixgbenew1\obj\x64\Debug\
                         RelaxIEEE=false
                         RuntimeTypeInfo=true
                         StrictAliasing=false
                         SymbolsHiddenByDefault=false
                         ThreadSafeStatics=Yes
                         ThumbMode=Disabled
                         TreatWarningAsError=false
                         UnrollLoops=false
                         Verbose=false
                         WarningLevel=EnableAllWarnings
                 Makefile
                         CopyToOutputDirectory=Never
                         NormalizedLocalFullPath=C:\temp\linuxapp\drivers\net\ethernet\intel\ixgbenew1\ixgbenew1\Makefile
         Task Parameter:RemoteCleanCommandLine=make clean
         Task Parameter:CopySourcesEnabled=true
         Task Parameter:RemoteBuildCommandLine=make
         Task Parameter:PreBuildEventEnabled=true
         Task Parameter:RemotePreBuildEventEnabled=true
         Checking if current project requires a remote connection.
         Current project requires a remote connection.
         Output Property: RequireRemoteConnection=True
       Done executing task "RequiresRemoteConnection".
     1>Done building target "_RequiresRemoteConnection" in project "ixgbenew1.vcxproj".
     1>Target "_ResolveRemoteTarget" in file "C:\Program Files\Microsoft Visual Studio\2022\Professional\MSBuild\Microsoft\VC\v170\Application Type\Linux\1.0\Linux.Makefile.Targets" from project "C:\temp\linuxapp\drivers\net\ethernet\intel\ixgbenew1\ixgbenew1\ixgbenew1.vcxproj" (target "_PrepareUpToDateChecks" depends on it):
       Using "ResolveRemoteTarget" task from assembly "C:\Program Files\Microsoft Visual Studio\2022\Professional\MSBuild\Microsoft\VC\v170\Application Type\Linux\1.0\Microsoft.Build.Linux.Tasks.dll".
       Task "ResolveRemoteTarget"
         Task Parameter:RequireRemoteConnection=True
         Output Property: ResolvedRemoteTarget=1418770471%3b10.156.1.246 %28username=, port=22, authentication=Password%29
         Output Property: ResolvedRemoteTargetId=1418770471
         Output Property: RemoteTargetArchitecture=x64
         Output Property: RemoteTargetResolved=True
       Done executing task "ResolveRemoteTarget".
     1>Done building target "_ResolveRemoteTarget" in project "ixgbenew1.vcxproj".
     1>Target "_PrepareUpToDateChecks" in file "C:\Program Files\Microsoft Visual Studio\2022\Professional\MSBuild\Microsoft\VC\v170\Application Type\Linux\1.0\Linux.Makefile.Targets" from project "C:\temp\linuxapp\drivers\net\ethernet\intel\ixgbenew1\ixgbenew1\ixgbenew1.vcxproj" (target "_CopySources" depends on it):
       Set Property: CopySourcesUpToDateFile=C:\temp\linuxapp\drivers\net\ethernet\intel\ixgbenew1\ixgbenew1\obj\x64\Debug\1418770471.CopySourcesUpToDateFile.tlog
       Set Property: CompileUpToDateFile=C:\temp\linuxapp\drivers\net\ethernet\intel\ixgbenew1\ixgbenew1\obj\x64\Debug\1418770471.CompileUpToDateFile.tlog
       Set Property: RemoteProjectDirFile=C:\temp\linuxapp\drivers\net\ethernet\intel\ixgbenew1\ixgbenew1\obj\x64\Debug\1418770471.RemoteProjectDirFile.tlog
     1>Done building target "_PrepareUpToDateChecks" in project "ixgbenew1.vcxproj".
     1>Target "_ValidateSources" in file "C:\Program Files\Microsoft Visual Studio\2022\Professional\MSBuild\Microsoft\VC\v170\Application Type\Linux\1.0\Linux.Common.targets" from project "C:\temp\linuxapp\drivers\net\ethernet\intel\ixgbenew1\ixgbenew1\ixgbenew1.vcxproj" (target "_CopySources" depends on it):
       Using "ValidateSources" task from assembly "C:\Program Files\Microsoft Visual Studio\2022\Professional\MSBuild\Microsoft\VC\v170\Application Type\Linux\1.0\Microsoft.Build.Linux.Tasks.dll".
       Task "ValidateSources"
         Task Parameter:ProjectDir=C:\temp\linuxapp\drivers\net\ethernet\intel\ixgbenew1\ixgbenew1\
         Task Parameter:
             Sources=
                 main.cpp
                         AdditionalIncludeDirectories=
                         AdditionalOptions=
                         CAdditionalWarning=switch;no-deprecated-declarations;empty-body;conversion;return-type;parentheses;no-pointer-sign;no-format;uninitialized;unreachable-code;unused-function;unused-value;unused-variable;
                         ClangMode=true
                         CLanguageStandard=c11
                         CompileAs=Default
                         CppAdditionalWarning=switch;no-deprecated-declarations;empty-body;conversion;return-type;parentheses;no-format;uninitialized;unreachable-code;unused-function;unused-value;unused-variable;
                         CppLanguageStandard=c++11
                         DebugInformationFormat=FullDebug
                         EnableNeonCodegen=false
                         EnablePREfast=false
                         ExceptionHandling=Enabled
                         ForcedIncludeFiles=
                         ForcedUsingFiles=
                         HideInlineMethods=false
                         LinkTimeOptimization=false
                         MakeStringsReadOnly=true
                         MinimalRebuildFromTracking=true
                         NoCommonBlocks=false
                         NormalizedLocalFullPath=C:\temp\linuxapp\drivers\net\ethernet\intel\ixgbenew1\ixgbenew1\main.cpp
                         ObjCAutomaticRefCounting=true
                         ObjCExceptionHandling=Disabled
                         ObjectFileName=C:\temp\linuxapp\drivers\net\ethernet\intel\ixgbenew1\ixgbenew1\obj\x64\Debug\%(filename).o
                         OmitFramePointers=false
                         Optimization=Disabled
                         PositionIndependentCode=false
                         PrecompiledHeader=NotUsing
                         PrecompiledHeaderCompileAs=CompileAsCpp
                         PrecompiledHeaderOutputFile=
                         PrecompiledHeaderOutputFileDirectory=C:\temp\linuxapp\drivers\net\ethernet\intel\ixgbenew1\ixgbenew1\obj\x64\Debug\
                         PreprocessorDefinitions=
                         ProgramDatabaseFileName=C:\temp\linuxapp\drivers\net\ethernet\intel\ixgbenew1\ixgbenew1\obj\x64\Debug\
                         RelaxIEEE=false
                         RuntimeTypeInfo=true
                         StrictAliasing=false
                         SymbolsHiddenByDefault=false
                         ThreadSafeStatics=Yes
                         ThumbMode=Disabled
                         TreatWarningAsError=false
                         UnrollLoops=false
                         Verbose=false
                         WarningLevel=EnableAllWarnings
                 Makefile
                         CopyToOutputDirectory=Never
                         NormalizedLocalFullPath=C:\temp\linuxapp\drivers\net\ethernet\intel\ixgbenew1\ixgbenew1\Makefile
         Validating sources
       Done executing task "ValidateSources".
     1>Done building target "_ValidateSources" in project "ixgbenew1.vcxproj".
       Target "_ResolveRemoteTarget" skipped. Previously built successfully.
       Target "_PrepareUpToDateChecks" skipped. Previously built successfully.
       Target "_RequiresRemoteConnection" skipped. Previously built successfully.
     1>Target "ResolveRemoteDir" in file "C:\Program Files\Microsoft Visual Studio\2022\Professional\MSBuild\Microsoft\VC\v170\Application Type\Linux\1.0\Linux.Makefile.Targets" from project "C:\temp\linuxapp\drivers\net\ethernet\intel\ixgbenew1\ixgbenew1\ixgbenew1.vcxproj" (target "_CopySources" depends on it):
       Using "ResolveRemoteDir" task from assembly "C:\Program Files\Microsoft Visual Studio\2022\Professional\MSBuild\Microsoft\VC\v170\Application Type\Linux\1.0\Microsoft.Build.Linux.Tasks.dll".
       Task "ResolveRemoteDir"
         Task Parameter:RemoteIntermediateDir=~/projects/drivers/net/ethernet/intel/ixgbenew1/obj/x64/Debug/
         Task Parameter:IntermediateDir=C:\temp\linuxapp\drivers\net\ethernet\intel\ixgbenew1\ixgbenew1\obj\x64\Debug\
         Task Parameter:RemoteProjectDir=~/projects/drivers/net/ethernet/intel/ixgbenew1/
         Task Parameter:ProjectDir=C:\temp\linuxapp\drivers\net\ethernet\intel\ixgbenew1\ixgbenew1\
         Task Parameter:RemoteOutputDir=~/projects/drivers/net/ethernet/intel/ixgbenew1/bin/x64/Debug/
         Task Parameter:RemoteTarget=1418770471;10.156.1.246 (username=, port=22, authentication=Password)
         Task Parameter:RemoteProjectDirFile=C:\temp\linuxapp\drivers\net\ethernet\intel\ixgbenew1\ixgbenew1\obj\x64\Debug\1418770471.RemoteProjectDirFile.tlog
         Task Parameter:OutputDir=C:\temp\linuxapp\drivers\net\ethernet\intel\ixgbenew1\ixgbenew1\bin\x64\Debug\
         Task Parameter:RequireRemoteConnection=True
         Output Property: _ResolvedRemoteProjectDir=/home/dali/projects/drivers/net/ethernet/intel/ixgbenew1/
         Output Property: _ResolvedRemoteIntermediateDir=/home/dali/projects/drivers/net/ethernet/intel/ixgbenew1/obj/x64/Debug
         Output Property: _ResolvedRemoteOutputDir=/home/dali/projects/drivers/net/ethernet/intel/ixgbenew1/bin/x64/Debug
       Done executing task "ResolveRemoteDir".
     1>Done building target "ResolveRemoteDir" in project "ixgbenew1.vcxproj".
       Target "_RequiresRemoteConnection" skipped. Previously built successfully.
     1>Target "_CopySources" in file "C:\Program Files\Microsoft Visual Studio\2022\Professional\MSBuild\Microsoft\VC\v170\Application Type\Linux\1.0\Linux.Makefile.Targets" from project "C:\temp\linuxapp\drivers\net\ethernet\intel\ixgbenew1\ixgbenew1\ixgbenew1.vcxproj" (target "PrepareForNMakeBuild" depends on it):
       Set Property: AdditionalIncludesToCopyRemotely=
       Using "CopySources" task from assembly "C:\Program Files\Microsoft Visual Studio\2022\Professional\MSBuild\Microsoft\VC\v170\Application Type\Linux\1.0\Microsoft.Build.Linux.Tasks.dll".
       Task "CopySources"
         Task Parameter:UpToDateFile=C:\temp\linuxapp\drivers\net\ethernet\intel\ixgbenew1\ixgbenew1\obj\x64\Debug\1418770471.CopySourcesUpToDateFile.tlog
         Task Parameter:RemoteIntermediateDir=~/projects/drivers/net/ethernet/intel/ixgbenew1/obj/x64/Debug/
         Task Parameter:IntermediateDir=C:\temp\linuxapp\drivers\net\ethernet\intel\ixgbenew1\ixgbenew1\obj\x64\Debug\
         Task Parameter:RemoteProjectDir=~/projects/drivers/net/ethernet/intel/ixgbenew1/
         Task Parameter:ProjectDir=C:\temp\linuxapp\drivers\net\ethernet\intel\ixgbenew1\ixgbenew1\
         Task Parameter:RemoteOutputDir=~/projects/drivers/net/ethernet/intel/ixgbenew1/bin/x64/Debug/
         Task Parameter:RemoteTarget=1418770471;10.156.1.246 (username=, port=22, authentication=Password)
         Task Parameter:LocalRemoteCopySources=True
         Task Parameter:
             Sources=
                 main.cpp
                         AdditionalIncludeDirectories=
                         AdditionalOptions=
                         CAdditionalWarning=switch;no-deprecated-declarations;empty-body;conversion;return-type;parentheses;no-pointer-sign;no-format;uninitialized;unreachable-code;unused-function;unused-value;unused-variable;
                         ClangMode=true
                         CLanguageStandard=c11
                         CompileAs=Default
                         CppAdditionalWarning=switch;no-deprecated-declarations;empty-body;conversion;return-type;parentheses;no-format;uninitialized;unreachable-code;unused-function;unused-value;unused-variable;
                         CppLanguageStandard=c++11
                         DebugInformationFormat=FullDebug
                         EnableNeonCodegen=false
                         EnablePREfast=false
                         ExceptionHandling=Enabled
                         ForcedIncludeFiles=
                         ForcedUsingFiles=
                         HideInlineMethods=false
                         LinkTimeOptimization=false
                         MakeStringsReadOnly=true
                         MinimalRebuildFromTracking=true
                         NoCommonBlocks=false
                         NormalizedLocalFullPath=C:\temp\linuxapp\drivers\net\ethernet\intel\ixgbenew1\ixgbenew1\main.cpp
                         ObjCAutomaticRefCounting=true
                         ObjCExceptionHandling=Disabled
                         ObjectFileName=C:\temp\linuxapp\drivers\net\ethernet\intel\ixgbenew1\ixgbenew1\obj\x64\Debug\%(filename).o
                         OmitFramePointers=false
                         Optimization=Disabled
                         PositionIndependentCode=false
                         PrecompiledHeader=NotUsing
                         PrecompiledHeaderCompileAs=CompileAsCpp
                         PrecompiledHeaderOutputFile=
                         PrecompiledHeaderOutputFileDirectory=C:\temp\linuxapp\drivers\net\ethernet\intel\ixgbenew1\ixgbenew1\obj\x64\Debug\
                         PreprocessorDefinitions=
                         ProgramDatabaseFileName=C:\temp\linuxapp\drivers\net\ethernet\intel\ixgbenew1\ixgbenew1\obj\x64\Debug\
                         RelaxIEEE=false
                         RuntimeTypeInfo=true
                         StrictAliasing=false
                         SymbolsHiddenByDefault=false
                         ThreadSafeStatics=Yes
                         ThumbMode=Disabled
                         TreatWarningAsError=false
                         UnrollLoops=false
                         Verbose=false
                         WarningLevel=EnableAllWarnings
                 Makefile
                         CopyToOutputDirectory=Never
                         NormalizedLocalFullPath=C:\temp\linuxapp\drivers\net\ethernet\intel\ixgbenew1\ixgbenew1\Makefile
         Task Parameter:RemoteProjectDirFile=C:\temp\linuxapp\drivers\net\ethernet\intel\ixgbenew1\ixgbenew1\obj\x64\Debug\1418770471.RemoteProjectDirFile.tlog
         Task Parameter:OutputDir=C:\temp\linuxapp\drivers\net\ethernet\intel\ixgbenew1\ixgbenew1\bin\x64\Debug\
         Task Parameter:LocalTargetPath=C:\temp\linuxapp\drivers\net\ethernet\intel\ixgbenew1\ixgbenew1\bin\x64\Debug\ixgbenew1.exe
         Copying sources remotely to '10.156.1.246'
         Copying file 'C:\temp\linuxapp\drivers\net\ethernet\intel\ixgbenew1\ixgbenew1\main.cpp' to '/home/dali/projects/drivers/net/ethernet/intel/ixgbenew1/main.cpp'
         Copying file 'C:\temp\linuxapp\drivers\net\ethernet\intel\ixgbenew1\ixgbenew1\Makefile' to '/home/dali/projects/drivers/net/ethernet/intel/ixgbenew1/Makefile'
         Output Property: _ResolvedRemoteProjectDir=/home/dali/projects/drivers/net/ethernet/intel/ixgbenew1/
         Output Property: ResolvedTargetPath=/home/dali/projects/drivers/net/ethernet/intel/ixgbenew1/bin/x64/Debug/ixgbenew1.exe
       Done executing task "CopySources".
     1>Done building target "_CopySources" in project "ixgbenew1.vcxproj".
     1>Target "PrepareDeploymentItems" in file "C:\Program Files\Microsoft Visual Studio\2022\Professional\MSBuild\Microsoft\VC\v170\Application Type\Linux\1.0\Linux.Makefile.Targets" from project "C:\temp\linuxapp\drivers\net\ethernet\intel\ixgbenew1\ixgbenew1\ixgbenew1.vcxproj" (target "PrepareForNMakeBuild" depends on it):
       Using "PrepareDeploymentItems" task from assembly "C:\Program Files\Microsoft Visual Studio\2022\Professional\MSBuild\Microsoft\VC\v170\Application Type\Linux\1.0\Microsoft.Build.Linux.Tasks.dll".
       Task "PrepareDeploymentItems"
         Task Parameter:IntermediateDir=C:\temp\linuxapp\drivers\net\ethernet\intel\ixgbenew1\ixgbenew1\obj\x64\Debug\
         Task Parameter:RemoteProjectDir=~/projects/drivers/net/ethernet/intel/ixgbenew1/
         Task Parameter:ProjectDir=C:\temp\linuxapp\drivers\net\ethernet\intel\ixgbenew1\ixgbenew1\
         Task Parameter:
             Items=
                 main.cpp
                         AdditionalIncludeDirectories=
                         AdditionalOptions=
                         CAdditionalWarning=switch;no-deprecated-declarations;empty-body;conversion;return-type;parentheses;no-pointer-sign;no-format;uninitialized;unreachable-code;unused-function;unused-value;unused-variable;
                         ClangMode=true
                         CLanguageStandard=c11
                         CompileAs=Default
                         CppAdditionalWarning=switch;no-deprecated-declarations;empty-body;conversion;return-type;parentheses;no-format;uninitialized;unreachable-code;unused-function;unused-value;unused-variable;
                         CppLanguageStandard=c++11
                         DebugInformationFormat=FullDebug
                         EnableNeonCodegen=false
                         EnablePREfast=false
                         ExceptionHandling=Enabled
                         ForcedIncludeFiles=
                         ForcedUsingFiles=
                         HideInlineMethods=false
                         LinkTimeOptimization=false
                         MakeStringsReadOnly=true
                         MinimalRebuildFromTracking=true
                         NoCommonBlocks=false
                         ObjCAutomaticRefCounting=true
                         ObjCExceptionHandling=Disabled
                         ObjectFileName=C:\temp\linuxapp\drivers\net\ethernet\intel\ixgbenew1\ixgbenew1\obj\x64\Debug\%(filename).o
                         OmitFramePointers=false
                         Optimization=Disabled
                         PositionIndependentCode=false
                         PrecompiledHeader=NotUsing
                         PrecompiledHeaderCompileAs=CompileAsCpp
                         PrecompiledHeaderOutputFile=
                         PrecompiledHeaderOutputFileDirectory=C:\temp\linuxapp\drivers\net\ethernet\intel\ixgbenew1\ixgbenew1\obj\x64\Debug\
                         PreprocessorDefinitions=
                         ProgramDatabaseFileName=C:\temp\linuxapp\drivers\net\ethernet\intel\ixgbenew1\ixgbenew1\obj\x64\Debug\
                         RelaxIEEE=false
                         RuntimeTypeInfo=true
                         StrictAliasing=false
                         SymbolsHiddenByDefault=false
                         ThreadSafeStatics=Yes
                         ThumbMode=Disabled
                         TreatWarningAsError=false
                         UnrollLoops=false
                         Verbose=false
                         WarningLevel=EnableAllWarnings
                 Makefile
                         CopyToOutputDirectory=Never
         Task Parameter:RemoteDeployDir=~/projects/drivers/net/ethernet/intel/ixgbenew1
       Done executing task "PrepareDeploymentItems".
     1>Done building target "PrepareDeploymentItems" in project "ixgbenew1.vcxproj".
     1>Target "PrepareForNMakeBuild" in file "C:\Program Files\Microsoft Visual Studio\2022\Professional\MSBuild\Microsoft\VC\v170\Application Type\Linux\1.0\Linux.Makefile.Targets" from project "C:\temp\linuxapp\drivers\net\ethernet\intel\ixgbenew1\ixgbenew1\ixgbenew1.vcxproj" (target "Build" depends on it):
       Using "MakeDir" task from assembly "Microsoft.Build.Tasks.Core, Version=15.1.0.0, Culture=neutral, PublicKeyToken=b03f5f7f11d50a3a".
       Task "MakeDir"
         Task Parameter:
             Directories=
                 C:\temp\linuxapp\drivers\net\ethernet\intel\ixgbenew1\ixgbenew1\bin\x64\Debug\
                 C:\temp\linuxapp\drivers\net\ethernet\intel\ixgbenew1\ixgbenew1\obj\x64\Debug\
                 C:\temp\linuxapp\drivers\net\ethernet\intel\ixgbenew1\ixgbenew1\bin\x64\Debug\
       Done executing task "MakeDir".
     1>Done building target "PrepareForNMakeBuild" in project "ixgbenew1.vcxproj".
     1>Target "BeforeResolveReferences" in file "C:\Program Files\Microsoft Visual Studio\2022\Professional\MSBuild\Current\Bin\amd64\Microsoft.Common.CurrentVersion.targets" from project "C:\temp\linuxapp\drivers\net\ethernet\intel\ixgbenew1\ixgbenew1\ixgbenew1.vcxproj" (target "ResolveReferences" depends on it):
     1>Done building target "BeforeResolveReferences" in project "ixgbenew1.vcxproj".
     1>Target "IgnoreJavaScriptOutputAssembly" in file "C:\Program Files\Microsoft Visual Studio\2022\Professional\MSBuild\Current\Bin\amd64\Microsoft.Common.CurrentVersion.targets" from project "C:\temp\linuxapp\drivers\net\ethernet\intel\ixgbenew1\ixgbenew1\ixgbenew1.vcxproj" (target "AssignProjectConfiguration" depends on it):
     1>Done building target "IgnoreJavaScriptOutputAssembly" in project "ixgbenew1.vcxproj".
     1>Target "AssignProjectConfiguration" in file "C:\Program Files\Microsoft Visual Studio\2022\Professional\MSBuild\Current\Bin\amd64\Microsoft.Common.CurrentVersion.targets" from project "C:\temp\linuxapp\drivers\net\ethernet\intel\ixgbenew1\ixgbenew1\ixgbenew1.vcxproj" (target "ResolveReferences" depends on it):
       Set Property: OnlyReferenceAndBuildProjectsEnabledInSolutionConfiguration=true
       Set Property: ShouldUnsetParentConfigurationAndPlatform=true
       Using "AssignProjectConfiguration" task from assembly "Microsoft.Build.Tasks.Core, Version=15.1.0.0, Culture=neutral, PublicKeyToken=b03f5f7f11d50a3a".
       Task "AssignProjectConfiguration"
         Task Parameter:OutputType=exe
         Task Parameter:CurrentProjectPlatform=x64
         Task Parameter:CurrentProject=C:\temp\linuxapp\drivers\net\ethernet\intel\ixgbenew1\ixgbenew1\ixgbenew1.vcxproj
         Task Parameter:ResolveConfigurationPlatformUsingMappings=False
         Task Parameter:SolutionConfigurationContents=<SolutionConfiguration>
         <ProjectConfiguration Project="{c445e45d-d1e2-47e1-9a24-c52049fecb1c}" AbsolutePath="C:\temp\linuxapp\drivers\net\ethernet\intel\ixgbenew1\ixgbenew1\ixgbenew1.vcxproj">Debug|x64</ProjectConfiguration>
         </SolutionConfiguration>
         Task Parameter:ShouldUnsetParentConfigurationAndPlatform=True
         Task Parameter:OnlyReferenceAndBuildProjectsEnabledInSolutionConfiguration=True
         Task Parameter:CurrentProjectConfiguration=Debug
       Done executing task "AssignProjectConfiguration".
     1>Done building target "AssignProjectConfiguration" in project "ixgbenew1.vcxproj".
       Target "AssignProjectConfiguration" skipped. Previously built successfully.
     1>Target "_SplitProjectReferencesByFileExistence" in file "C:\Program Files\Microsoft Visual Studio\2022\Professional\MSBuild\Current\Bin\amd64\Microsoft.Common.CurrentVersion.targets" from project "C:\temp\linuxapp\drivers\net\ethernet\intel\ixgbenew1\ixgbenew1\ixgbenew1.vcxproj" (target "PrepareProjectReferences" depends on it):
       Task "ResolveNonMSBuildProjectOutput" skipped, due to false condition; ('$(BuildingInsideVisualStudio)'=='true' and '@(ProjectReferenceWithConfiguration)'!='') was evaluated as ('true'=='true' and ''!='').
     1>Done building target "_SplitProjectReferencesByFileExistence" in project "ixgbenew1.vcxproj".
     1>Target "_AddOutputPathToGlobalPropertiesToRemove" in file "C:\Program Files\Microsoft Visual Studio\2022\Professional\MSBuild\Current\Bin\amd64\Microsoft.Common.CurrentVersion.targets" from project "C:\temp\linuxapp\drivers\net\ethernet\intel\ixgbenew1\ixgbenew1\ixgbenew1.vcxproj" (target "_GetProjectReferenceTargetFrameworkProperties" depends on it):
     1>Done building target "_AddOutputPathToGlobalPropertiesToRemove" in project "ixgbenew1.vcxproj".
     1>Target "_GetProjectReferenceTargetFrameworkProperties" in file "C:\Program Files\Microsoft Visual Studio\2022\Professional\MSBuild\Current\Bin\amd64\Microsoft.Common.CurrentVersion.targets" from project "C:\temp\linuxapp\drivers\net\ethernet\intel\ixgbenew1\ixgbenew1\ixgbenew1.vcxproj" (target "PrepareProjectReferences" depends on it):
       Set Property: ReferringTargetFrameworkForProjectReferences=
       Using "MSBuild" task from assembly "Microsoft.Build.Tasks.Core, Version=15.1.0.0, Culture=neutral, PublicKeyToken=b03f5f7f11d50a3a".
       Task "MSBuild"
         Task Parameter:BuildInParallel=True
         Task Parameter:SkipNonexistentTargets=True
         Task Parameter:RemoveProperties=;TargetFramework;RuntimeIdentifier;SelfContained;
         Task Parameter:Targets=GetTargetFrameworks
       Done executing task "MSBuild".
       Task "MSBuild" skipped, due to false condition; ('%(_MSBuildProjectReferenceExistent.SkipGetTargetFrameworkProperties)' != 'true' and '$(EnableDynamicPlatformResolution)' == 'true') was evaluated as ('' != 'true' and '' == 'true').
       Task "GetReferenceNearestTargetFrameworkTask" skipped, due to false condition; ('@(_ProjectReferenceTargetFrameworkPossibilities)' != '' and '$(ReferringTargetFrameworkForProjectReferences)' != ''
                                                               And '$(GetReferenceNearestTargetFrameworkTaskSupportsTargetPlatformParameter)' == 'true' and '%(_ProjectReferenceTargetFrameworkPossibilities.IsVcxOrNativeProj)' != 'true') was evaluated as ('' != '' and '' != ''
                                                               And 'true' == 'true' and '' != 'true').
       Task "GetReferenceNearestTargetFrameworkTask" skipped, due to false condition; ('@(_ProjectReferenceTargetFrameworkPossibilities)' != '' and '$(ReferringTargetFrameworkForProjectReferences)' != ''
                                                               And '$(GetReferenceNearestTargetFrameworkTaskSupportsTargetPlatformParameter)' != 'true' and '%(_ProjectReferenceTargetFrameworkPossibilities.IsVcxOrNativeProj)' != 'true') was evaluated as ('' != '' and '' != ''
                                                               And 'true' != 'true' and '' != 'true').
       Using "SetRidAgnosticValueForProjects" task from assembly "Microsoft.Build.Tasks.Core, Version=15.1.0.0, Culture=neutral, PublicKeyToken=b03f5f7f11d50a3a".
       Task "SetRidAgnosticValueForProjects"
       Done executing task "SetRidAgnosticValueForProjects".
     1>Done building target "_GetProjectReferenceTargetFrameworkProperties" in project "ixgbenew1.vcxproj".
       Target "_GetProjectReferencePlatformProperties" skipped, due to false condition; ('$(EnableDynamicPlatformResolution)' == 'true'
                            and '@(_MSBuildProjectReferenceExistent)' != '') was evaluated as ('' == 'true'
                            and '' != '').
     1>Target "PrepareProjectReferences" in file "C:\Program Files\Microsoft Visual Studio\2022\Professional\MSBuild\Current\Bin\amd64\Microsoft.Common.CurrentVersion.targets" from project "C:\temp\linuxapp\drivers\net\ethernet\intel\ixgbenew1\ixgbenew1\ixgbenew1.vcxproj" (target "ResolveProjectReferences" depends on it):
     1>Done building target "PrepareProjectReferences" in project "ixgbenew1.vcxproj".
     1>Target "ResolveProjectReferences" in file "C:\Program Files\Microsoft Visual Studio\2022\Professional\MSBuild\Current\Bin\amd64\Microsoft.Common.CurrentVersion.targets" from project "C:\temp\linuxapp\drivers\net\ethernet\intel\ixgbenew1\ixgbenew1\ixgbenew1.vcxproj" (target "ResolveReferences" depends on it):
       Task "MSBuild" skipped, due to false condition; ('%(_MSBuildProjectReferenceExistent.BuildReference)' == 'true' and '@(ProjectReferenceWithConfiguration)' != '' and ('$(BuildingInsideVisualStudio)' == 'true' or '$(BuildProjectReferences)' != 'true') and '$(VisualStudioVersion)' != '10.0' and '@(_MSBuildProjectReferenceExistent)' != '') was evaluated as ('' == 'true' and '' != '' and ('true' == 'true' or 'true' != 'true') and '17.0' != '10.0' and '' != '').
       Task "MSBuild" skipped, due to false condition; ('%(_MSBuildProjectReferenceExistent.BuildReference)' == 'true' and '@(ProjectReferenceWithConfiguration)' != '' and '$(BuildingInsideVisualStudio)' != 'true' and '$(BuildProjectReferences)' == 'true' and '@(_MSBuildProjectReferenceExistent)' != '') was evaluated as ('' == 'true' and '' != '' and 'true' != 'true' and 'true' == 'true' and '' != '').
       Task "MSBuild" skipped, due to false condition; ('%(_MSBuildProjectReferenceExistent.BuildReference)' == 'true' and '@(ProjectReferenceWithConfiguration)' != '' and '$(BuildingProject)' == 'true' and '@(_MSBuildProjectReferenceExistent)' != '') was evaluated as ('' == 'true' and '' != '' and 'false' == 'true' and '' != '').
       Task "MSBuildInternalMessage" skipped, due to false condition; ('$(_NonExistentProjectReferenceSeverity)' != '') was evaluated as ('' != '').
     1>Done building target "ResolveProjectReferences" in project "ixgbenew1.vcxproj".
       Target "FindInvalidProjectReferences" skipped, due to false condition; ('$(FindInvalidProjectReferences)' == 'true') was evaluated as ('' == 'true').
       Target "ResolveNativeReferences" skipped, due to false condition; ('@(NativeReference)'!='') was evaluated as (''!='').
       Target "ResolveProjectReferences" skipped. Previously built successfully.
       Target "FindInvalidProjectReferences" skipped, due to false condition; ('$(FindInvalidProjectReferences)' == 'true') was evaluated as ('' == 'true').
     1>Target "GetFrameworkPaths" in file "C:\Program Files\Microsoft Visual Studio\2022\Professional\MSBuild\Current\Bin\amd64\Microsoft.Common.CurrentVersion.targets" from project "C:\temp\linuxapp\drivers\net\ethernet\intel\ixgbenew1\ixgbenew1\ixgbenew1.vcxproj" (target "ResolveAssemblyReferences" depends on it):
     1>Done building target "GetFrameworkPaths" in project "ixgbenew1.vcxproj".
       Target "GetFrameworkPaths" skipped. Previously built successfully.
     1>Target "GetReferenceAssemblyPaths" in file "C:\Program Files\Microsoft Visual Studio\2022\Professional\MSBuild\Current\Bin\amd64\Microsoft.Common.CurrentVersion.targets" from project "C:\temp\linuxapp\drivers\net\ethernet\intel\ixgbenew1\ixgbenew1\ixgbenew1.vcxproj" (target "ResolveAssemblyReferences" depends on it):
       Set Property: TargetFrameworkDirectory=
       Task "GetReferenceAssemblyPaths" skipped, due to false condition; ('$(TargetFrameworkMoniker)' != '' and ('$(_TargetFrameworkDirectories)' == '' or '$(_FullFrameworkReferenceAssemblyPaths)' == '')) was evaluated as ('' != '' and ('' == '' or '' == '')).
       Set Property: TargetFrameworkDirectory=;;
       Set Property: RemoveAssemblyFoldersIfNoTargetFramework=true
       Set Property: AssemblySearchPaths={CandidateAssemblyFiles};;{HintPathFromItem};{TargetFrameworkDirectory};{AssemblyFoldersFromConfig:C:\Program Files\Microsoft Visual Studio\2022\Professional\MSBuild\Current\Bin\AssemblyFolders.config,};;{Registry:Software\Microsoft\,,AssemblyFoldersEx};;{GAC};{RawFileName};C:\temp\linuxapp\drivers\net\ethernet\intel\ixgbenew1\ixgbenew1\bin\x64\Debug\
       Set Property: TargetFrameworkProfile=
     1>Done building target "GetReferenceAssemblyPaths" in project "ixgbenew1.vcxproj".
       Target "GetFrameworkPaths" skipped. Previously built successfully.
       Target "GetReferenceAssemblyPaths" skipped. Previously built successfully.
       Target "AssignLinkMetadata" skipped, due to false condition; ( '$(SynthesizeLinkMetadata)' == 'true' ) was evaluated as ( '' == 'true' ).
     1>Target "SetCABuildNativeEnvironmentVariables" in file "C:\Program Files\Microsoft Visual Studio\2022\Professional\MSBuild\Microsoft\VisualStudio\v17.0\CodeAnalysis\Microsoft.CodeAnalysis.targets" from project "C:\temp\linuxapp\drivers\net\ethernet\intel\ixgbenew1\ixgbenew1\ixgbenew1.vcxproj" (target "PrepareForBuild" depends on it):
       Task "SetEnv" skipped, due to false condition; ('$(CAExcludePath)'!='') was evaluated as (''!='').
       Task "SetEnv" skipped, due to false condition; ('$(RunMsvcAnalysis)'=='true' and '$(VCCodeAnalysisUX)'=='true') was evaluated as ('false'=='true' and 'true'=='true').
     1>Done building target "SetCABuildNativeEnvironmentVariables" in project "ixgbenew1.vcxproj".
     1>Target "PrepareForBuild" in file "C:\Program Files\Microsoft Visual Studio\2022\Professional\MSBuild\Current\Bin\amd64\Microsoft.Common.CurrentVersion.targets" from project "C:\temp\linuxapp\drivers\net\ethernet\intel\ixgbenew1\ixgbenew1\ixgbenew1.vcxproj" (target "ResolveAssemblyReferences" depends on it):
       Using "FindAppConfigFile" task from assembly "Microsoft.Build.Tasks.Core, Version=15.1.0.0, Culture=neutral, PublicKeyToken=b03f5f7f11d50a3a".
       Task "FindAppConfigFile"
         Task Parameter:
             PrimaryList=
                 Makefile
                         CopyToOutputDirectory=Never
         Task Parameter:TargetPath=ixgbenew1.exe.config
       Done executing task "FindAppConfigFile".
       Task "MakeDir"
         Task Parameter:
             Directories=
                 C:\temp\linuxapp\drivers\net\ethernet\intel\ixgbenew1\ixgbenew1\bin\x64\Debug\
                 C:\temp\linuxapp\drivers\net\ethernet\intel\ixgbenew1\ixgbenew1\obj\x64\Debug\
       Done executing task "MakeDir".
     1>Done building target "PrepareForBuild" in project "ixgbenew1.vcxproj".
       Target "GetInstalledSDKLocations" skipped, due to false condition; ('@(SDKReference)' != '') was evaluated as ('' != '').
     1>Target "ResolveSDKReferences" in file "C:\Program Files\Microsoft Visual Studio\2022\Professional\MSBuild\Current\Bin\amd64\Microsoft.Common.CurrentVersion.targets" from project "C:\temp\linuxapp\drivers\net\ethernet\intel\ixgbenew1\ixgbenew1\ixgbenew1.vcxproj" (target "ResolveAssemblyReferences" depends on it):
       Task "ResolveSDKReference" skipped, due to false condition; ('@(SDKReference)'!='') was evaluated as (''!='').
     1>Done building target "ResolveSDKReferences" in project "ixgbenew1.vcxproj".
       Target "ResolveSDKReferences" skipped. Previously built successfully.
     1>Target "ExpandSDKReferences" in file "C:\Program Files\Microsoft Visual Studio\2022\Professional\MSBuild\Current\Bin\amd64\Microsoft.Common.CurrentVersion.targets" from project "C:\temp\linuxapp\drivers\net\ethernet\intel\ixgbenew1\ixgbenew1\ixgbenew1.vcxproj" (target "ResolveAssemblyReferences" depends on it):
       Task "GetSDKReferenceFiles" skipped, due to false condition; ('@(ResolvedSDKReference)'!='') was evaluated as (''!='').
     1>Done building target "ExpandSDKReferences" in project "ixgbenew1.vcxproj".
       Target "ResolveNuGetPackageAssets" skipped, due to false condition; ('$(ResolveNuGetPackages)' == 'true' and exists('$(ProjectLockFile)')) was evaluated as ('true' == 'true' and exists('obj\project.assets.json')).
     1>Target "ResolveAssemblyReferences" in file "C:\Program Files\Microsoft Visual Studio\2022\Professional\MSBuild\Current\Bin\amd64\Microsoft.Common.CurrentVersion.targets" from project "C:\temp\linuxapp\drivers\net\ethernet\intel\ixgbenew1\ixgbenew1\ixgbenew1.vcxproj" (target "ResolveReferences" depends on it):
       Set Property: ResolveAssemblyReferencesStateFile=C:\temp\linuxapp\drivers\net\ethernet\intel\ixgbenew1\ixgbenew1\obj\x64\Debug\ixgbenew1.vcxproj.AssemblyReference.cache
       Set Property: _FindDependencies=false
       Set Property: ResolveAssemblyReferencesSilent=true
       Set Property: ResolveAssemblyWarnOrErrorOnTargetArchitectureMismatch=Warning
       Set Property: ResolveAssemblyReferencesFindRelatedSatellites=false
       Set Property: ResolveAssemblyReferencesFindSerializationAssemblies=false
       Set Property: ResolveAssemblyReferencesFindRelatedFiles=false
       Set Property: ResolveAssemblyReferenceOutputUnresolvedAssemblyConflicts=false
       Set Property: FindDependenciesOfExternallyResolvedReferences=false
       Task "ResolveAssemblyReference" skipped, due to false condition; ('@(Reference)'!='' or '@(_ResolvedProjectReferencePaths)'!='' or '@(_ExplicitReference)' != '') was evaluated as (''!='' or ''!='' or '' != '').
     1>Done building target "ResolveAssemblyReferences" in project "ixgbenew1.vcxproj".
       Target "GenerateBindingRedirects" skipped, due to false condition; ('$(AutoGenerateBindingRedirects)' == 'true' and '$(GenerateBindingRedirectsOutputType)' == 'true' and '@(SuggestedBindingRedirects)' != '' and '$(DesignTimeBuild)' != 'true' and '$(BuildingProject)' == 'true') was evaluated as ('' == 'true' and 'true' == 'true' and '' != '' and '' != 'true' and 'false' == 'true').
       Target "GenerateBindingRedirectsUpdateAppConfig" skipped, due to false condition; ('$(AutoGenerateBindingRedirects)' == 'true' and '$(GenerateBindingRedirectsOutputType)' == 'true') was evaluated as ('' == 'true' and 'true' == 'true').
       Target "ResolveComReferences" skipped, due to false condition; ('@(COMReference)'!='' or '@(COMFileReference)'!='') was evaluated as (''!='' or ''!='').
     1>Target "AfterResolveReferences" in file "C:\Program Files\Microsoft Visual Studio\2022\Professional\MSBuild\Current\Bin\amd64\Microsoft.Common.CurrentVersion.targets" from project "C:\temp\linuxapp\drivers\net\ethernet\intel\ixgbenew1\ixgbenew1\ixgbenew1.vcxproj" (target "ResolveReferences" depends on it):
     1>Done building target "AfterResolveReferences" in project "ixgbenew1.vcxproj".
       Target "ResolveTestReferences" skipped, due to false condition; ('@(Shadow)'!='') was evaluated as (''!='').
     1>Target "ResolveReferences" in file "C:\Program Files\Microsoft Visual Studio\2022\Professional\MSBuild\Current\Bin\amd64\Microsoft.Common.CurrentVersion.targets" from project "C:\temp\linuxapp\drivers\net\ethernet\intel\ixgbenew1\ixgbenew1\ixgbenew1.vcxproj" (target "Build" depends on it):
     1>Done building target "ResolveReferences" in project "ixgbenew1.vcxproj".
     1>Target "GetTargetPathWithTargetPlatformMoniker" in file "C:\Program Files\Microsoft Visual Studio\2022\Professional\MSBuild\Microsoft\VC\v170\Microsoft.Cpp.DesignTime.targets" from project "C:\temp\linuxapp\drivers\net\ethernet\intel\ixgbenew1\ixgbenew1\ixgbenew1.vcxproj" (target "GetTargetPath" depends on it):
       Added Item(s): 
           TargetPathWithTargetPlatformMoniker=
               C:\temp\linuxapp\drivers\net\ethernet\intel\ixgbenew1\ixgbenew1\bin\x64\Debug\ixgbenew1.exe
                       MsbuildSourceProjectFile=C:\temp\linuxapp\drivers\net\ethernet\intel\ixgbenew1\ixgbenew1\ixgbenew1.vcxproj
                       ProjectGuid={c445e45d-d1e2-47e1-9a24-c52049fecb1c}
                       ReferenceSourceTarget=ProjectReference
                       ResolveableAssembly=false
       Task "Message" skipped, due to false condition; ('$(_REFERENCE_DEBUG)' ==  'true') was evaluated as ('' ==  'true').
     1>Done building target "GetTargetPathWithTargetPlatformMoniker" in project "ixgbenew1.vcxproj".
     1>Target "GetTargetPath" in file "C:\Program Files\Microsoft Visual Studio\2022\Professional\MSBuild\Microsoft\VC\v170\Application Type\Linux\1.0\Linux.Makefile.Targets" from project "C:\temp\linuxapp\drivers\net\ethernet\intel\ixgbenew1\ixgbenew1\ixgbenew1.vcxproj" (target "Build" depends on it):
       Added Item(s): 
           TargetPathWithTargetPlatformMoniker=
               C:\temp\linuxapp\drivers\net\ethernet\intel\ixgbenew1\ixgbenew1\bin\x64\Debug\ixgbenew1.exe
                       MsbuildSourceProjectFile=C:\temp\linuxapp\drivers\net\ethernet\intel\ixgbenew1\ixgbenew1\ixgbenew1.vcxproj
                       ProjectGuid={c445e45d-d1e2-47e1-9a24-c52049fecb1c}
                       ReferenceSourceTarget=ProjectReference
                       TargetPlatformIdentifier=Linux
                       TargetPlatformMoniker=Linux,Version=7.0
     1>Done building target "GetTargetPath" in project "ixgbenew1.vcxproj".
       Target "_ResolveRemoteTarget" skipped. Previously built successfully.
       Target "ResolveRemoteDir" skipped. Previously built successfully.
       Target "_RequiresRemoteConnection" skipped. Previously built successfully.
     1>Target "PreBuildEvent" in file "C:\Program Files\Microsoft Visual Studio\2022\Professional\MSBuild\Microsoft\VC\v170\Application Type\Linux\1.0\Linux.Makefile.Targets" from project "C:\temp\linuxapp\drivers\net\ethernet\intel\ixgbenew1\ixgbenew1\ixgbenew1.vcxproj" (target "Build" depends on it):
       Task "Message" skipped, due to false condition; ('%(PreBuildEvent.Message)' != '' and '%(PreBuildEvent.Command)' != '') was evaluated as ('' != '' and '' != '').
       Task "Exec" skipped, due to false condition; ('%(PreBuildEvent.Command)' != '') was evaluated as ('' != '').
       Task "Execute" skipped, due to false condition; (('%(PreBuildEvent.AdditionalSourcesToCopyMapping)' != '') and '$(RequireRemoteConnection)' == 'true') was evaluated as (('' != '') and 'True' == 'true').
     1>Done building target "PreBuildEvent" in project "ixgbenew1.vcxproj".
       Target "ResolveRemoteDir" skipped. Previously built successfully.
       Target "_ResolveRemoteTarget" skipped. Previously built successfully.
       Target "ResolveRemoteDir" skipped. Previously built successfully.
       Target "_RequiresRemoteConnection" skipped. Previously built successfully.
     1>Target "RemotePreBuildEvent" in file "C:\Program Files\Microsoft Visual Studio\2022\Professional\MSBuild\Microsoft\VC\v170\Application Type\Linux\1.0\Linux.Makefile.Targets" from project "C:\temp\linuxapp\drivers\net\ethernet\intel\ixgbenew1\ixgbenew1\ixgbenew1.vcxproj" (target "Build" depends on it):
       Task "Message" skipped, due to false condition; ('%(RemotePreBuildEvent.Message)' != '' and '%(RemotePreBuildEvent.Command)' != '') was evaluated as ('' != '' and '' != '').
       Task "Execute" skipped, due to false condition; (('%(RemotePreBuildEvent.Command)' != '' or '%(RemotePreBuildEvent.AdditionalSourcesToCopyMapping)' != '') and '$(RequireRemoteConnection)' == 'true') was evaluated as (('' != '' or '' != '') and 'True' == 'true').
     1>Done building target "RemotePreBuildEvent" in project "ixgbenew1.vcxproj".
       Target "_ResolveRemoteTarget" skipped. Previously built successfully.
       Target "ResolveRemoteDir" skipped. Previously built successfully.
       Target "_RequiresRemoteConnection" skipped. Previously built successfully.
       Target "GetBuildInputsForIncrementalBuild" skipped, due to false condition; ('$(IncrementalBuild)' == 'true') was evaluated as ('false' == 'true').
       Target "EnableIntermediateOutputPathMismatchWarning" skipped, due to false condition; ('$(RestoreProjectStyle)' == 'PackageReference') was evaluated as ('' == 'PackageReference').
     1>Target "_CheckForInvalidConfigurationAndPlatform" in file "C:\Program Files\Microsoft Visual Studio\2022\Professional\MSBuild\Current\Bin\amd64\Microsoft.Common.CurrentVersion.targets" from project "C:\temp\linuxapp\drivers\net\ethernet\intel\ixgbenew1\ixgbenew1\ixgbenew1.vcxproj" (target "Build" depends on it):
       Set Property: _InvalidConfigurationMessageResourceName=CommonSdk.InvalidConfigurationTextWhenBuildingInsideVisualStudio
       Task "MSBuildInternalMessage" skipped, due to false condition; ('$(_InvalidConfigurationMessageSeverity)' != '') was evaluated as ('' != '').
       Using "Message" task from assembly "Microsoft.Build.Tasks.Core, Version=15.1.0.0, Culture=neutral, PublicKeyToken=b03f5f7f11d50a3a".
       Task "Message"
         Task Parameter:Importance=Low
         Task Parameter:Text=Configuration=Debug
         Configuration=Debug
       Done executing task "Message".
       Task "Message"
         Task Parameter:Importance=Low
         Task Parameter:Text=Platform=x64
         Platform=x64
       Done executing task "Message".
       Task "MSBuildInternalMessage" skipped, due to false condition; ('$(OutDir)' != '' and !HasTrailingSlash('$(OutDir)')) was evaluated as ('C:\temp\linuxapp\drivers\net\ethernet\intel\ixgbenew1\ixgbenew1\bin\x64\Debug\' != '' and !HasTrailingSlash('C:\temp\linuxapp\drivers\net\ethernet\intel\ixgbenew1\ixgbenew1\bin\x64\Debug\')).
       Task "MSBuildInternalMessage" skipped, due to false condition; ('$(IntermediateOutputPath)' != '' and !HasTrailingSlash('$(IntermediateOutputPath)')) was evaluated as ('C:\temp\linuxapp\drivers\net\ethernet\intel\ixgbenew1\ixgbenew1\obj\x64\Debug\' != '' and !HasTrailingSlash('C:\temp\linuxapp\drivers\net\ethernet\intel\ixgbenew1\ixgbenew1\obj\x64\Debug\')).
       Task "MSBuildInternalMessage" skipped, due to false condition; ('$(BaseIntermediateOutputPath)' != '' and !HasTrailingSlash('$(BaseIntermediateOutputPath)')) was evaluated as ('obj\' != '' and !HasTrailingSlash('obj\')).
       Task "MSBuildInternalMessage" skipped, due to false condition; ( '$(Prefer32Bit)' == 'true' and '$(PreferNativeArm64)' == 'true' ) was evaluated as ( '' == 'true' and '' == 'true' ).
       Task "MSBuildInternalMessage" skipped, due to false condition; ( '$(NoWin32Manifest)' == 'true' and '$(PreferNativeArm64)' == 'true' ) was evaluated as ( '' == 'true' and '' == 'true' ).
       Task "MSBuildInternalMessage" skipped, due to false condition; ( '$(PreferNativeArm64)' == 'true' and '$(Platform)' != 'AnyCPU' ) was evaluated as ( '' == 'true' and 'x64' != 'AnyCPU' ).
       Task "MSBuildInternalMessage" skipped, due to false condition; ( '$(_InitialMSBuildProjectExtensionsPath)' != '' And '$(MSBuildProjectExtensionsPath)' != '$(_InitialMSBuildProjectExtensionsPath)' ) was evaluated as ( 'C:\temp\linuxapp\drivers\net\ethernet\intel\ixgbenew1\ixgbenew1\obj\' != '' And 'C:\temp\linuxapp\drivers\net\ethernet\intel\ixgbenew1\ixgbenew1\obj\' != 'C:\temp\linuxapp\drivers\net\ethernet\intel\ixgbenew1\ixgbenew1\obj\' ).
       Task "MSBuildInternalMessage" skipped, due to false condition; ( '$(EnableBaseIntermediateOutputPathMismatchWarning)' == 'true' And '$(_InitialBaseIntermediateOutputPath)' != '$(BaseIntermediateOutputPath)' And '$(BaseIntermediateOutputPath)' != '$(MSBuildProjectExtensionsPath)' ) was evaluated as ( '' == 'true' And 'obj\' != 'obj\' And 'obj\' != 'C:\temp\linuxapp\drivers\net\ethernet\intel\ixgbenew1\ixgbenew1\obj\' ).
     1>Done building target "_CheckForInvalidConfigurationAndPlatform" in project "ixgbenew1.vcxproj".
       Target "_CheckForInvalidConfigurationAndPlatform" skipped. Previously built successfully.
     1>Target "Build" in file "C:\Program Files\Microsoft Visual Studio\2022\Professional\MSBuild\Microsoft\VC\v170\Application Type\Linux\1.0\Linux.Makefile.Targets" from project "C:\temp\linuxapp\drivers\net\ethernet\intel\ixgbenew1\ixgbenew1\ixgbenew1.vcxproj" (entry point):
       Task "CallTarget" skipped, due to false condition; ('$(IncrementalBuild)' == 'true') was evaluated as ('false' == 'true').
       Using "CallTarget" task from assembly "Microsoft.Build.Tasks.Core, Version=15.1.0.0, Culture=neutral, PublicKeyToken=b03f5f7f11d50a3a".
       Task "CallTarget"
         Task Parameter:Targets=_Build_Common
     1>Target "_Build_Common" in file "C:\Program Files\Microsoft Visual Studio\2022\Professional\MSBuild\Microsoft\VC\v170\Application Type\Linux\1.0\Linux.Makefile.Targets" from project "C:\temp\linuxapp\drivers\net\ethernet\intel\ixgbenew1\ixgbenew1\ixgbenew1.vcxproj" (target "Build" depends on it):
       Task "CallTarget"
         Task Parameter:Targets=_Clean_BuildUpToDate
     1>Target "_Clean_BuildUpToDate" in file "C:\Program Files\Microsoft Visual Studio\2022\Professional\MSBuild\Microsoft\VC\v170\Application Type\Linux\1.0\Linux.Makefile.Targets" from project "C:\temp\linuxapp\drivers\net\ethernet\intel\ixgbenew1\ixgbenew1\ixgbenew1.vcxproj" (target "_Build_Common" depends on it):
       Task "Delete" skipped, due to false condition; (Exists('$(_BuildUpToDateFile)')) was evaluated as (Exists('C:\temp\linuxapp\drivers\net\ethernet\intel\ixgbenew1\ixgbenew1\obj\x64\Debug\ixgbenew1.builduptodate')).
     1>Done building target "_Clean_BuildUpToDate" in project "ixgbenew1.vcxproj".
       Done executing task "CallTarget".
       Using "LogMessage" task from assembly "C:\Program Files\Microsoft Visual Studio\2022\Professional\MSBuild\Microsoft\VC\v170\Application Type\Linux\1.0\Microsoft.Build.Linux.Tasks.dll".
       Task "LogMessage"
         Task Parameter:Arguments=BuildCommandLine
         Task Parameter:ResourceName=ExecuteLocalBuildNotConfigured
         Task Parameter:Type=Message
         Build command not configured, skipping.
       Done executing task "LogMessage".
       Task "Exec" skipped, due to false condition; ('$(BuildCommandLine)' != '') was evaluated as ('' != '').
       Task "LogMessage" skipped, due to false condition; ('$(RemoteBuildCommandLine)'=='') was evaluated as ('make'=='').
       Using "Execute" task from assembly "C:\Program Files\Microsoft Visual Studio\2022\Professional\MSBuild\Microsoft\VC\v170\Application Type\Linux\1.0\Microsoft.Build.Linux.Tasks.dll".
       Task "Execute"
         Task Parameter:LocalDirectoryDefault=C:\temp\linuxapp\drivers\net\ethernet\intel\ixgbenew1\ixgbenew1\bin\x64\Debug\
         Task Parameter:RemoteIntermediateDir=/home/dali/projects/drivers/net/ethernet/intel/ixgbenew1/obj/x64/Debug
         Task Parameter:IntermediateDir=C:\temp\linuxapp\drivers\net\ethernet\intel\ixgbenew1\ixgbenew1\obj\x64\Debug\
         Task Parameter:RemoteProjectDir=/home/dali/projects/drivers/net/ethernet/intel/ixgbenew1/
         Task Parameter:ProjectDir=C:\temp\linuxapp\drivers\net\ethernet\intel\ixgbenew1\ixgbenew1\
         Task Parameter:RemoteOutputDir=/home/dali/projects/drivers/net/ethernet/intel/ixgbenew1/bin/x64/Debug
         Task Parameter:RemoteTarget=1418770471;10.156.1.246 (username=, port=22, authentication=Password)
         Task Parameter:OutputDir=C:\temp\linuxapp\drivers\net\ethernet\intel\ixgbenew1\ixgbenew1\bin\x64\Debug\
         Task Parameter:ParseOutput=True
         Task Parameter:Command=make
         Task Parameter:RequireRemoteConnection=True
         Task Parameter:Timeout=7200000
         Invoking 'make', working directory: '/home/dali/projects/drivers/net/ethernet/intel/ixgbenew1/'
         gcc main.cpp -o helloworld
         
       Done executing task "Execute".
     1>Done building target "_Build_Common" in project "ixgbenew1.vcxproj".
       Done executing task "CallTarget".
       Task "CallTarget"
         Task Parameter:Targets=_Touch_BuildUpToDate
     1>Target "_Touch_BuildUpToDate" in file "C:\Program Files\Microsoft Visual Studio\2022\Professional\MSBuild\Microsoft\VC\v170\Application Type\Linux\1.0\Linux.Makefile.Targets" from project "C:\temp\linuxapp\drivers\net\ethernet\intel\ixgbenew1\ixgbenew1\ixgbenew1.vcxproj" (target "Build" depends on it):
       Using "WriteLinesToFile" task from assembly "Microsoft.Build.Tasks.Core, Version=15.1.0.0, Culture=neutral, PublicKeyToken=b03f5f7f11d50a3a".
       Task "WriteLinesToFile"
         Task Parameter:Lines=6f636cd1-ab43-429b-a2e6-3ae79a878a45
         Task Parameter:Encoding=Unicode
         Task Parameter:File=C:\temp\linuxapp\drivers\net\ethernet\intel\ixgbenew1\ixgbenew1\obj\x64\Debug\ixgbenew1.builduptodate
       Done executing task "WriteLinesToFile".
     1>Done building target "_Touch_BuildUpToDate" in project "ixgbenew1.vcxproj".
       Done executing task "CallTarget".
     1>Done building target "Build" in project "ixgbenew1.vcxproj".
       Target "_ResolveRemoteTarget" skipped. Previously built successfully.
       Target "ResolveRemoteDir" skipped. Previously built successfully.
       Target "_RequiresRemoteConnection" skipped. Previously built successfully.
     1>Target "RemotePostBuildEvent" in file "C:\Program Files\Microsoft Visual Studio\2022\Professional\MSBuild\Microsoft\VC\v170\Application Type\Linux\1.0\Linux.Makefile.Targets" from project "C:\temp\linuxapp\drivers\net\ethernet\intel\ixgbenew1\ixgbenew1\ixgbenew1.vcxproj" (entry point):
       Task "Message" skipped, due to false condition; ('%(RemotePostBuildEvent.Message)' != '' and '%(RemotePostBuildEvent.Command)' != '') was evaluated as ('' != '' and '' != '').
       Task "Execute" skipped, due to false condition; (('%(RemotePostBuildEvent.Command)' != '' or '%(RemotePostBuildEvent.AdditionalSourcesToCopyMapping)' != '') and '$(RequireRemoteConnection)' == 'true') was evaluated as (('' != '' or '' != '') and 'True' == 'true').
     1>Done building target "RemotePostBuildEvent" in project "ixgbenew1.vcxproj".
       Target "_ResolveRemoteTarget" skipped. Previously built successfully.
       Target "ResolveRemoteDir" skipped. Previously built successfully.
       Target "_RequiresRemoteConnection" skipped. Previously built successfully.
     1>Target "PostBuildEvent" in file "C:\Program Files\Microsoft Visual Studio\2022\Professional\MSBuild\Microsoft\VC\v170\Application Type\Linux\1.0\Linux.Makefile.Targets" from project "C:\temp\linuxapp\drivers\net\ethernet\intel\ixgbenew1\ixgbenew1\ixgbenew1.vcxproj" (entry point):
       Task "Message" skipped, due to false condition; ('%(PostBuildEvent.Message)' != '' and '%(PostBuildEvent.Command)' != '') was evaluated as ('' != '' and '' != '').
       Task "Exec" skipped, due to false condition; ('%(PostBuildEvent.Command)' != '') was evaluated as ('' != '').
       Task "Execute" skipped, due to false condition; (('%(PostBuildEvent.AdditionalSourcesToCopyMapping)' != '') and '$(RequireRemoteConnection)' == 'true') was evaluated as (('' != '') and 'True' == 'true').
     1>Done building target "PostBuildEvent" in project "ixgbenew1.vcxproj".
     1>Done Building Project "C:\temp\linuxapp\drivers\net\ethernet\intel\ixgbenew1\ixgbenew1\ixgbenew1.vcxproj" (Build target(s)).

Build succeeded.
    0 Warning(s)
    0 Error(s)

Time Elapsed 00:00:01.29
